<?xml version="1.0" encoding="UTF-8" ?>
<testsuites>
 <testsuite name="chrome_MAC.Load homepage -&gt;" timestamp="2017-12-20T11:36:54" hostname="localhost" time="3.787" errors="0" tests="3" skipped="0" disabled="0" failures="0">
  <testcase classname="chrome_MAC.Load homepage -&gt;" name="Loading homepage" time="3.635" />
  <testcase classname="chrome_MAC.Load homepage -&gt;" name="should return 200 and contain proper body" time="0.02" />
  <testcase classname="chrome_MAC.Load homepage -&gt;" name="accept cookies" time="0.13" />
 </testsuite>
 <testsuite name="chrome_MAC.tracking suite -&gt;" timestamp="2017-12-20T11:36:58" hostname="localhost" time="9.547" errors="0" tests="14" skipped="0" disabled="0" failures="9">
  <testcase classname="chrome_MAC.tracking suite -&gt;" name="Loading homepage" time="4.686" />
  <testcase classname="chrome_MAC.tracking suite -&gt;" name="CIP on first load" time="0.076" />
  <testcase classname="chrome_MAC.tracking suite -&gt;" name="initial_CIP on first load is 0" time="0.048">
   <failure type="toBe" message="Expected &apos;61110000000002&apos; to be &apos;0&apos;."><![CDATA[Error: Failed expectation
    at /Users/skabir/Documents/Development/room5_automation/room5_automated_fe_tests/test/tracking_suite.js:35:33
    at ManagedPromise.invokeCallback_ (/usr/local/lib/node_modules/protractor/node_modules/selenium-webdriver/lib/promise.js:1366:14)
    at TaskQueue.execute_ (/usr/local/lib/node_modules/protractor/node_modules/selenium-webdriver/lib/promise.js:2970:14)
    at TaskQueue.executeNext_ (/usr/local/lib/node_modules/protractor/node_modules/selenium-webdriver/lib/promise.js:2953:27)
    at asyncRun (/usr/local/lib/node_modules/protractor/node_modules/selenium-webdriver/lib/promise.js:2813:27)
    at /usr/local/lib/node_modules/protractor/node_modules/selenium-webdriver/lib/promise.js:676:7
    at <anonymous>
    at process._tickCallback (internal/process/next_tick.js:188:7)]]>
   </failure>
  </testcase>
  <testcase classname="chrome_MAC.tracking suite -&gt;" name="initial_CIP on reload is CIP" time="1.913" />
  <testcase classname="chrome_MAC.tracking suite -&gt;" name="Custom CIP is updating pixel" time="1.466" />
  <testcase classname="chrome_MAC.tracking suite -&gt;" name="content type on homepage is 1" time="0.05" />
  <testcase classname="chrome_MAC.tracking suite -&gt;" name="pixel type on homepage is 1" time="0.047" />
  <testcase classname="chrome_MAC.tracking suite -&gt;" name="href lang has correct url" time="0.58">
   <failure type="toBe" message="Expected &apos;http://room5.trivago.com.ar/&apos; to be &apos;http://room5.trivago.fi/&apos;."><![CDATA[Error: Failed expectation
    at /Users/skabir/Documents/Development/room5_automation/room5_automated_fe_tests/test/tracking_suite.js:69:30
    at elementArrayFinder_.then (/usr/local/lib/node_modules/protractor/lib/element.ts:840:22)
    at ManagedPromise.invokeCallback_ (/usr/local/lib/node_modules/protractor/node_modules/selenium-webdriver/lib/promise.js:1366:14)
    at TaskQueue.execute_ (/usr/local/lib/node_modules/protractor/node_modules/selenium-webdriver/lib/promise.js:2970:14)
    at TaskQueue.executeNext_ (/usr/local/lib/node_modules/protractor/node_modules/selenium-webdriver/lib/promise.js:2953:27)
    at asyncRun (/usr/local/lib/node_modules/protractor/node_modules/selenium-webdriver/lib/promise.js:2813:27)
    at /usr/local/lib/node_modules/protractor/node_modules/selenium-webdriver/lib/promise.js:676:7
    at <anonymous>
    at process._tickCallback (internal/process/next_tick.js:188:7)]]>
   </failure>
   <failure type="toBe" message="Expected &apos;http://room5.trivago.fi/&apos; to be &apos;http://room5.trivago.com.tr/&apos;."><![CDATA[Error: Failed expectation
    at /Users/skabir/Documents/Development/room5_automation/room5_automated_fe_tests/test/tracking_suite.js:69:30
    at elementArrayFinder_.then (/usr/local/lib/node_modules/protractor/lib/element.ts:840:22)
    at ManagedPromise.invokeCallback_ (/usr/local/lib/node_modules/protractor/node_modules/selenium-webdriver/lib/promise.js:1366:14)
    at TaskQueue.execute_ (/usr/local/lib/node_modules/protractor/node_modules/selenium-webdriver/lib/promise.js:2970:14)
    at TaskQueue.executeNext_ (/usr/local/lib/node_modules/protractor/node_modules/selenium-webdriver/lib/promise.js:2953:27)
    at asyncRun (/usr/local/lib/node_modules/protractor/node_modules/selenium-webdriver/lib/promise.js:2813:27)
    at /usr/local/lib/node_modules/protractor/node_modules/selenium-webdriver/lib/promise.js:676:7
    at <anonymous>
    at process._tickCallback (internal/process/next_tick.js:188:7)]]>
   </failure>
   <failure type="toBe" message="Expected &apos;http://room5.trivago.com.tr/&apos; to be &apos;http://room5.trivago.hk/&apos;."><![CDATA[Error: Failed expectation
    at /Users/skabir/Documents/Development/room5_automation/room5_automated_fe_tests/test/tracking_suite.js:69:30
    at elementArrayFinder_.then (/usr/local/lib/node_modules/protractor/lib/element.ts:840:22)
    at ManagedPromise.invokeCallback_ (/usr/local/lib/node_modules/protractor/node_modules/selenium-webdriver/lib/promise.js:1366:14)
    at TaskQueue.execute_ (/usr/local/lib/node_modules/protractor/node_modules/selenium-webdriver/lib/promise.js:2970:14)
    at TaskQueue.executeNext_ (/usr/local/lib/node_modules/protractor/node_modules/selenium-webdriver/lib/promise.js:2953:27)
    at asyncRun (/usr/local/lib/node_modules/protractor/node_modules/selenium-webdriver/lib/promise.js:2813:27)
    at /usr/local/lib/node_modules/protractor/node_modules/selenium-webdriver/lib/promise.js:676:7
    at <anonymous>
    at process._tickCallback (internal/process/next_tick.js:188:7)]]>
   </failure>
   <failure type="toBe" message="Expected &apos;http://room5.trivago.hk/&apos; to be &apos;http://room5.trivago.dk/&apos;."><![CDATA[Error: Failed expectation
    at /Users/skabir/Documents/Development/room5_automation/room5_automated_fe_tests/test/tracking_suite.js:69:30
    at elementArrayFinder_.then (/usr/local/lib/node_modules/protractor/lib/element.ts:840:22)
    at ManagedPromise.invokeCallback_ (/usr/local/lib/node_modules/protractor/node_modules/selenium-webdriver/lib/promise.js:1366:14)
    at TaskQueue.execute_ (/usr/local/lib/node_modules/protractor/node_modules/selenium-webdriver/lib/promise.js:2970:14)
    at TaskQueue.executeNext_ (/usr/local/lib/node_modules/protractor/node_modules/selenium-webdriver/lib/promise.js:2953:27)
    at asyncRun (/usr/local/lib/node_modules/protractor/node_modules/selenium-webdriver/lib/promise.js:2813:27)
    at /usr/local/lib/node_modules/protractor/node_modules/selenium-webdriver/lib/promise.js:676:7
    at <anonymous>
    at process._tickCallback (internal/process/next_tick.js:188:7)]]>
   </failure>
   <failure type="toBe" message="Expected &apos;http://room5.trivago.dk/&apos; to be &apos;http://room5.trivago.ca/&apos;."><![CDATA[Error: Failed expectation
    at /Users/skabir/Documents/Development/room5_automation/room5_automated_fe_tests/test/tracking_suite.js:69:30
    at elementArrayFinder_.then (/usr/local/lib/node_modules/protractor/lib/element.ts:840:22)
    at ManagedPromise.invokeCallback_ (/usr/local/lib/node_modules/protractor/node_modules/selenium-webdriver/lib/promise.js:1366:14)
    at TaskQueue.execute_ (/usr/local/lib/node_modules/protractor/node_modules/selenium-webdriver/lib/promise.js:2970:14)
    at TaskQueue.executeNext_ (/usr/local/lib/node_modules/protractor/node_modules/selenium-webdriver/lib/promise.js:2953:27)
    at asyncRun (/usr/local/lib/node_modules/protractor/node_modules/selenium-webdriver/lib/promise.js:2813:27)
    at /usr/local/lib/node_modules/protractor/node_modules/selenium-webdriver/lib/promise.js:676:7
    at <anonymous>
    at process._tickCallback (internal/process/next_tick.js:188:7)]]>
   </failure>
   <failure type="toBe" message="Expected &apos;http://room5.trivago.ca/&apos; to be &apos;http://room5.trivago.no/&apos;."><![CDATA[Error: Failed expectation
    at /Users/skabir/Documents/Development/room5_automation/room5_automated_fe_tests/test/tracking_suite.js:69:30
    at elementArrayFinder_.then (/usr/local/lib/node_modules/protractor/lib/element.ts:840:22)
    at ManagedPromise.invokeCallback_ (/usr/local/lib/node_modules/protractor/node_modules/selenium-webdriver/lib/promise.js:1366:14)
    at TaskQueue.execute_ (/usr/local/lib/node_modules/protractor/node_modules/selenium-webdriver/lib/promise.js:2970:14)
    at TaskQueue.executeNext_ (/usr/local/lib/node_modules/protractor/node_modules/selenium-webdriver/lib/promise.js:2953:27)
    at asyncRun (/usr/local/lib/node_modules/protractor/node_modules/selenium-webdriver/lib/promise.js:2813:27)
    at /usr/local/lib/node_modules/protractor/node_modules/selenium-webdriver/lib/promise.js:676:7
    at <anonymous>
    at process._tickCallback (internal/process/next_tick.js:188:7)]]>
   </failure>
   <failure type="toBe" message="Expected &apos;http://room5.trivago.no/&apos; to be &apos;http://room5.trivago.se/&apos;."><![CDATA[Error: Failed expectation
    at /Users/skabir/Documents/Development/room5_automation/room5_automated_fe_tests/test/tracking_suite.js:69:30
    at elementArrayFinder_.then (/usr/local/lib/node_modules/protractor/lib/element.ts:840:22)
    at ManagedPromise.invokeCallback_ (/usr/local/lib/node_modules/protractor/node_modules/selenium-webdriver/lib/promise.js:1366:14)
    at TaskQueue.execute_ (/usr/local/lib/node_modules/protractor/node_modules/selenium-webdriver/lib/promise.js:2970:14)
    at TaskQueue.executeNext_ (/usr/local/lib/node_modules/protractor/node_modules/selenium-webdriver/lib/promise.js:2953:27)
    at asyncRun (/usr/local/lib/node_modules/protractor/node_modules/selenium-webdriver/lib/promise.js:2813:27)
    at /usr/local/lib/node_modules/protractor/node_modules/selenium-webdriver/lib/promise.js:676:7
    at <anonymous>
    at process._tickCallback (internal/process/next_tick.js:188:7)]]>
   </failure>
   <failure type="toBe" message="Expected &apos;http://room5.trivago.se/&apos; to be &apos;http://room5.trivago.cz/&apos;."><![CDATA[Error: Failed expectation
    at /Users/skabir/Documents/Development/room5_automation/room5_automated_fe_tests/test/tracking_suite.js:69:30
    at elementArrayFinder_.then (/usr/local/lib/node_modules/protractor/lib/element.ts:840:22)
    at ManagedPromise.invokeCallback_ (/usr/local/lib/node_modules/protractor/node_modules/selenium-webdriver/lib/promise.js:1366:14)
    at TaskQueue.execute_ (/usr/local/lib/node_modules/protractor/node_modules/selenium-webdriver/lib/promise.js:2970:14)
    at TaskQueue.executeNext_ (/usr/local/lib/node_modules/protractor/node_modules/selenium-webdriver/lib/promise.js:2953:27)
    at asyncRun (/usr/local/lib/node_modules/protractor/node_modules/selenium-webdriver/lib/promise.js:2813:27)
    at /usr/local/lib/node_modules/protractor/node_modules/selenium-webdriver/lib/promise.js:676:7
    at <anonymous>
    at process._tickCallback (internal/process/next_tick.js:188:7)]]>
   </failure>
  </testcase>
  <testcase classname="chrome_MAC.tracking suite -&gt;" name="canonical has base url" time="0.037" />
  <testcase classname="chrome_MAC.tracking suite -&gt;" name="only one title tage is there" time="0.019" />
  <testcase classname="chrome_MAC.tracking suite -&gt;" name="title tage is not empty" time="0.046" />
  <testcase classname="chrome_MAC.tracking suite -&gt;" name="taxonomy CIP is test" time="0.46" />
  <testcase classname="chrome_MAC.tracking suite -&gt;" name="taxonomy content type is 2" time="0.064" />
  <testcase classname="chrome_MAC.tracking suite -&gt;" name="taxonomy pixel type is 1" time="0.055" />
 </testsuite>
 <testsuite name="chrome_MAC.Homepage -&gt;" timestamp="2017-12-20T11:37:07" hostname="localhost" time="0.617" errors="0" tests="13" skipped="0" disabled="0" failures="13">
  <testcase classname="chrome_MAC.Homepage -&gt;" name="is displaying editorial pick title" time="0.04">
   <failure type="exception" message="Failed: Index out of bound. Trying to access element at index: 0, but there are only 0 elements that match locator By(css selector, .mt-0)"><![CDATA[NoSuchElementError: Index out of bound. Trying to access element at index: 0, but there are only 0 elements that match locator By(css selector, .mt-0)
    at selenium_webdriver_1.promise.all.then (/usr/local/lib/node_modules/protractor/lib/element.ts:287:17)
    at ManagedPromise.invokeCallback_ (/usr/local/lib/node_modules/protractor/node_modules/selenium-webdriver/lib/promise.js:1366:14)
    at TaskQueue.execute_ (/usr/local/lib/node_modules/protractor/node_modules/selenium-webdriver/lib/promise.js:2970:14)
    at TaskQueue.executeNext_ (/usr/local/lib/node_modules/protractor/node_modules/selenium-webdriver/lib/promise.js:2953:27)
    at asyncRun (/usr/local/lib/node_modules/protractor/node_modules/selenium-webdriver/lib/promise.js:2813:27)
    at /usr/local/lib/node_modules/protractor/node_modules/selenium-webdriver/lib/promise.js:676:7
    at <anonymous>
    at process._tickCallback (internal/process/next_tick.js:188:7)Error
    at ElementArrayFinder.applyAction_ (/usr/local/lib/node_modules/protractor/lib/element.ts:482:23)
    at ElementArrayFinder.(anonymous function).args [as getText] (/usr/local/lib/node_modules/protractor/lib/element.ts:96:21)
    at ElementFinder.(anonymous function).args [as getText] (/usr/local/lib/node_modules/protractor/lib/element.ts:873:14)
    at UserContext.<anonymous> (/Users/skabir/Documents/Development/room5_automation/room5_automated_fe_tests/test/homepage.js:24:46)
    at /usr/local/lib/node_modules/protractor/node_modules/jasminewd2/index.js:112:25
    at new ManagedPromise (/usr/local/lib/node_modules/protractor/node_modules/selenium-webdriver/lib/promise.js:1067:7)
    at ControlFlow.promise (/usr/local/lib/node_modules/protractor/node_modules/selenium-webdriver/lib/promise.js:2396:12)
    at schedulerExecute (/usr/local/lib/node_modules/protractor/node_modules/jasminewd2/index.js:95:18)
    at TaskQueue.execute_ (/usr/local/lib/node_modules/protractor/node_modules/selenium-webdriver/lib/promise.js:2970:14)
    at TaskQueue.executeNext_ (/usr/local/lib/node_modules/protractor/node_modules/selenium-webdriver/lib/promise.js:2953:27)
From: Task: Run it("is displaying editorial pick title") in control flow
    at UserContext.<anonymous> (/usr/local/lib/node_modules/protractor/node_modules/jasminewd2/index.js:94:19)
    at attempt (/usr/local/lib/node_modules/protractor/node_modules/jasmine-core/lib/jasmine-core/jasmine.js:4071:26)
    at QueueRunner.run (/usr/local/lib/node_modules/protractor/node_modules/jasmine-core/lib/jasmine-core/jasmine.js:3991:20)
    at runNext (/usr/local/lib/node_modules/protractor/node_modules/jasmine-core/lib/jasmine-core/jasmine.js:4031:20)
    at /usr/local/lib/node_modules/protractor/node_modules/jasmine-core/lib/jasmine-core/jasmine.js:4038:13
    at /usr/local/lib/node_modules/protractor/node_modules/jasmine-core/lib/jasmine-core/jasmine.js:3946:9
    at /usr/local/lib/node_modules/protractor/node_modules/jasminewd2/index.js:64:48
    at ControlFlow.emit (/usr/local/lib/node_modules/protractor/node_modules/selenium-webdriver/lib/events.js:62:21)
    at ControlFlow.shutdown_ (/usr/local/lib/node_modules/protractor/node_modules/selenium-webdriver/lib/promise.js:2565:10)
    at shutdownTask_.MicroTask (/usr/local/lib/node_modules/protractor/node_modules/selenium-webdriver/lib/promise.js:2490:53)
From asynchronous test: 
Error
    at Suite.<anonymous> (/Users/skabir/Documents/Development/room5_automation/room5_automated_fe_tests/test/homepage.js:23:5)
    at addSpecsToSuite (/usr/local/lib/node_modules/protractor/node_modules/jasmine-core/lib/jasmine-core/jasmine.js:1013:25)
    at Env.describe (/usr/local/lib/node_modules/protractor/node_modules/jasmine-core/lib/jasmine-core/jasmine.js:980:7)
    at describe (/usr/local/lib/node_modules/protractor/node_modules/jasmine-core/lib/jasmine-core/jasmine.js:4163:18)
    at Object.<anonymous> (/Users/skabir/Documents/Development/room5_automation/room5_automated_fe_tests/test/homepage.js:3:1)
    at Module._compile (module.js:635:30)
    at Object.Module._extensions..js (module.js:646:10)
    at Module.load (module.js:554:32)
    at tryModuleLoad (module.js:497:12)]]>
   </failure>
  </testcase>
  <testcase classname="chrome_MAC.Homepage -&gt;" name="total number of article in the editoial pick is 4" time="0.061">
   <failure type="exception" message="Failed: No element found using locator: By(css selector, *[id=&quot;editors_pick&quot;])"><![CDATA[NoSuchElementError: No element found using locator: By(css selector, *[id="editors_pick"])
    at elementArrayFinder.getWebElements.then (/usr/local/lib/node_modules/protractor/lib/element.ts:851:17)
    at ManagedPromise.invokeCallback_ (/usr/local/lib/node_modules/protractor/node_modules/selenium-webdriver/lib/promise.js:1366:14)
    at TaskQueue.execute_ (/usr/local/lib/node_modules/protractor/node_modules/selenium-webdriver/lib/promise.js:2970:14)
    at TaskQueue.executeNext_ (/usr/local/lib/node_modules/protractor/node_modules/selenium-webdriver/lib/promise.js:2953:27)
    at asyncRun (/usr/local/lib/node_modules/protractor/node_modules/selenium-webdriver/lib/promise.js:2813:27)
    at /usr/local/lib/node_modules/protractor/node_modules/selenium-webdriver/lib/promise.js:676:7
    at <anonymous>
    at process._tickCallback (internal/process/next_tick.js:188:7)
From: Task: Run it("total number of article in the editoial pick is 4") in control flow
    at UserContext.<anonymous> (/usr/local/lib/node_modules/protractor/node_modules/jasminewd2/index.js:94:19)
    at attempt (/usr/local/lib/node_modules/protractor/node_modules/jasmine-core/lib/jasmine-core/jasmine.js:4071:26)
    at QueueRunner.run (/usr/local/lib/node_modules/protractor/node_modules/jasmine-core/lib/jasmine-core/jasmine.js:3991:20)
    at runNext (/usr/local/lib/node_modules/protractor/node_modules/jasmine-core/lib/jasmine-core/jasmine.js:4031:20)
    at /usr/local/lib/node_modules/protractor/node_modules/jasmine-core/lib/jasmine-core/jasmine.js:4038:13
    at /usr/local/lib/node_modules/protractor/node_modules/jasmine-core/lib/jasmine-core/jasmine.js:3946:9
    at /usr/local/lib/node_modules/protractor/node_modules/jasminewd2/index.js:64:48
    at ControlFlow.emit (/usr/local/lib/node_modules/protractor/node_modules/selenium-webdriver/lib/events.js:62:21)
    at ControlFlow.shutdown_ (/usr/local/lib/node_modules/protractor/node_modules/selenium-webdriver/lib/promise.js:2565:10)
    at shutdownTask_.MicroTask (/usr/local/lib/node_modules/protractor/node_modules/selenium-webdriver/lib/promise.js:2490:53)
From asynchronous test: 
Error
    at Suite.<anonymous> (/Users/skabir/Documents/Development/room5_automation/room5_automated_fe_tests/test/homepage.js:27:5)
    at addSpecsToSuite (/usr/local/lib/node_modules/protractor/node_modules/jasmine-core/lib/jasmine-core/jasmine.js:1013:25)
    at Env.describe (/usr/local/lib/node_modules/protractor/node_modules/jasmine-core/lib/jasmine-core/jasmine.js:980:7)
    at describe (/usr/local/lib/node_modules/protractor/node_modules/jasmine-core/lib/jasmine-core/jasmine.js:4163:18)
    at Object.<anonymous> (/Users/skabir/Documents/Development/room5_automation/room5_automated_fe_tests/test/homepage.js:3:1)
    at Module._compile (module.js:635:30)
    at Object.Module._extensions..js (module.js:646:10)
    at Module.load (module.js:554:32)
    at tryModuleLoad (module.js:497:12)]]>
   </failure>
  </testcase>
  <testcase classname="chrome_MAC.Homepage -&gt;" name="displaying image of the first article in the editorial pick" time="0.049">
   <failure type="exception" message="Failed: No element found using locator: By(css selector, *[id=&quot;editors_pick&quot;])"><![CDATA[NoSuchElementError: No element found using locator: By(css selector, *[id="editors_pick"])
    at elementArrayFinder.getWebElements.then (/usr/local/lib/node_modules/protractor/lib/element.ts:851:17)
    at ManagedPromise.invokeCallback_ (/usr/local/lib/node_modules/protractor/node_modules/selenium-webdriver/lib/promise.js:1366:14)
    at TaskQueue.execute_ (/usr/local/lib/node_modules/protractor/node_modules/selenium-webdriver/lib/promise.js:2970:14)
    at TaskQueue.executeNext_ (/usr/local/lib/node_modules/protractor/node_modules/selenium-webdriver/lib/promise.js:2953:27)
    at asyncRun (/usr/local/lib/node_modules/protractor/node_modules/selenium-webdriver/lib/promise.js:2813:27)
    at /usr/local/lib/node_modules/protractor/node_modules/selenium-webdriver/lib/promise.js:676:7
    at <anonymous>
    at process._tickCallback (internal/process/next_tick.js:188:7)Error
    at ElementArrayFinder.applyAction_ (/usr/local/lib/node_modules/protractor/lib/element.ts:482:23)
    at ElementArrayFinder.(anonymous function).args [as getAttribute] (/usr/local/lib/node_modules/protractor/lib/element.ts:96:21)
    at ElementFinder.(anonymous function).args [as getAttribute] (/usr/local/lib/node_modules/protractor/lib/element.ts:873:14)
    at homepage_obj.image_first_article_editorial_pick (/Users/skabir/Documents/Development/room5_automation/room5_automated_fe_tests/page/homepage_obj.js:21:18)
    at UserContext.<anonymous> (/Users/skabir/Documents/Development/room5_automation/room5_automated_fe_tests/test/homepage.js:34:22)
    at /usr/local/lib/node_modules/protractor/node_modules/jasminewd2/index.js:112:25
    at new ManagedPromise (/usr/local/lib/node_modules/protractor/node_modules/selenium-webdriver/lib/promise.js:1067:7)
    at ControlFlow.promise (/usr/local/lib/node_modules/protractor/node_modules/selenium-webdriver/lib/promise.js:2396:12)
    at schedulerExecute (/usr/local/lib/node_modules/protractor/node_modules/jasminewd2/index.js:95:18)
    at TaskQueue.execute_ (/usr/local/lib/node_modules/protractor/node_modules/selenium-webdriver/lib/promise.js:2970:14)
From: Task: Run it("displaying image of the first article in the editorial pick") in control flow
    at UserContext.<anonymous> (/usr/local/lib/node_modules/protractor/node_modules/jasminewd2/index.js:94:19)
    at attempt (/usr/local/lib/node_modules/protractor/node_modules/jasmine-core/lib/jasmine-core/jasmine.js:4071:26)
    at QueueRunner.run (/usr/local/lib/node_modules/protractor/node_modules/jasmine-core/lib/jasmine-core/jasmine.js:3991:20)
    at runNext (/usr/local/lib/node_modules/protractor/node_modules/jasmine-core/lib/jasmine-core/jasmine.js:4031:20)
    at /usr/local/lib/node_modules/protractor/node_modules/jasmine-core/lib/jasmine-core/jasmine.js:4038:13
    at /usr/local/lib/node_modules/protractor/node_modules/jasmine-core/lib/jasmine-core/jasmine.js:3946:9
    at /usr/local/lib/node_modules/protractor/node_modules/jasminewd2/index.js:64:48
    at ControlFlow.emit (/usr/local/lib/node_modules/protractor/node_modules/selenium-webdriver/lib/events.js:62:21)
    at ControlFlow.shutdown_ (/usr/local/lib/node_modules/protractor/node_modules/selenium-webdriver/lib/promise.js:2565:10)
    at shutdownTask_.MicroTask (/usr/local/lib/node_modules/protractor/node_modules/selenium-webdriver/lib/promise.js:2490:53)
From asynchronous test: 
Error
    at Suite.<anonymous> (/Users/skabir/Documents/Development/room5_automation/room5_automated_fe_tests/test/homepage.js:33:5)
    at addSpecsToSuite (/usr/local/lib/node_modules/protractor/node_modules/jasmine-core/lib/jasmine-core/jasmine.js:1013:25)
    at Env.describe (/usr/local/lib/node_modules/protractor/node_modules/jasmine-core/lib/jasmine-core/jasmine.js:980:7)
    at describe (/usr/local/lib/node_modules/protractor/node_modules/jasmine-core/lib/jasmine-core/jasmine.js:4163:18)
    at Object.<anonymous> (/Users/skabir/Documents/Development/room5_automation/room5_automated_fe_tests/test/homepage.js:3:1)
    at Module._compile (module.js:635:30)
    at Object.Module._extensions..js (module.js:646:10)
    at Module.load (module.js:554:32)
    at tryModuleLoad (module.js:497:12)]]>
   </failure>
  </testcase>
  <testcase classname="chrome_MAC.Homepage -&gt;" name="displaying tag of the first article in the editorial pick" time="0.037">
   <failure type="exception" message="Failed: no such element: Unable to locate element: {&quot;method&quot;:&quot;css selector&quot;,&quot;selector&quot;:&quot;*[id=&quot;editors_pick&quot;]&quot;}
  (Session info: chrome=63.0.3239.84)
  (Driver info: chromedriver=2.34.522932 (4140ab217e1ca1bec0c4b4d1b148f3361eb3a03e),platform=Mac OS X 10.13.2 x86_64)"><![CDATA[NoSuchElementError: no such element: Unable to locate element: {"method":"css selector","selector":"*[id="editors_pick"]"}
  (Session info: chrome=63.0.3239.84)
  (Driver info: chromedriver=2.34.522932 (4140ab217e1ca1bec0c4b4d1b148f3361eb3a03e),platform=Mac OS X 10.13.2 x86_64)
    at Object.checkLegacyResponse (/usr/local/lib/node_modules/protractor/node_modules/selenium-webdriver/lib/error.js:505:15)
    at parseHttpResponse (/usr/local/lib/node_modules/protractor/node_modules/selenium-webdriver/lib/http.js:509:13)
    at doSend.then.response (/usr/local/lib/node_modules/protractor/node_modules/selenium-webdriver/lib/http.js:440:13)
    at <anonymous>
    at process._tickCallback (internal/process/next_tick.js:188:7)
From: Task: WebDriver.findElement(By(css selector, *[id="editors_pick"]))
    at thenableWebDriverProxy.schedule (/usr/local/lib/node_modules/protractor/node_modules/selenium-webdriver/lib/webdriver.js:816:17)
    at thenableWebDriverProxy.findElement (/usr/local/lib/node_modules/protractor/node_modules/selenium-webdriver/lib/webdriver.js:1023:17)
    at homepage_obj.tag_first_article_editorial_pick (/Users/skabir/Documents/Development/room5_automation/room5_automated_fe_tests/page/homepage_obj.js:49:20)
    at UserContext.<anonymous> (/Users/skabir/Documents/Development/room5_automation/room5_automated_fe_tests/test/homepage.js:40:22)
    at /usr/local/lib/node_modules/protractor/node_modules/jasminewd2/index.js:112:25
    at new ManagedPromise (/usr/local/lib/node_modules/protractor/node_modules/selenium-webdriver/lib/promise.js:1067:7)
    at ControlFlow.promise (/usr/local/lib/node_modules/protractor/node_modules/selenium-webdriver/lib/promise.js:2396:12)
    at schedulerExecute (/usr/local/lib/node_modules/protractor/node_modules/jasminewd2/index.js:95:18)
    at TaskQueue.execute_ (/usr/local/lib/node_modules/protractor/node_modules/selenium-webdriver/lib/promise.js:2970:14)
    at TaskQueue.executeNext_ (/usr/local/lib/node_modules/protractor/node_modules/selenium-webdriver/lib/promise.js:2953:27)
From: Task: Run it("displaying tag of the first article in the editorial pick") in control flow
    at UserContext.<anonymous> (/usr/local/lib/node_modules/protractor/node_modules/jasminewd2/index.js:94:19)
    at attempt (/usr/local/lib/node_modules/protractor/node_modules/jasmine-core/lib/jasmine-core/jasmine.js:4071:26)
    at QueueRunner.run (/usr/local/lib/node_modules/protractor/node_modules/jasmine-core/lib/jasmine-core/jasmine.js:3991:20)
    at runNext (/usr/local/lib/node_modules/protractor/node_modules/jasmine-core/lib/jasmine-core/jasmine.js:4031:20)
    at /usr/local/lib/node_modules/protractor/node_modules/jasmine-core/lib/jasmine-core/jasmine.js:4038:13
    at /usr/local/lib/node_modules/protractor/node_modules/jasmine-core/lib/jasmine-core/jasmine.js:3946:9
    at /usr/local/lib/node_modules/protractor/node_modules/jasminewd2/index.js:64:48
    at ControlFlow.emit (/usr/local/lib/node_modules/protractor/node_modules/selenium-webdriver/lib/events.js:62:21)
    at ControlFlow.shutdown_ (/usr/local/lib/node_modules/protractor/node_modules/selenium-webdriver/lib/promise.js:2565:10)
    at shutdownTask_.MicroTask (/usr/local/lib/node_modules/protractor/node_modules/selenium-webdriver/lib/promise.js:2490:53)
From asynchronous test: 
Error
    at Suite.<anonymous> (/Users/skabir/Documents/Development/room5_automation/room5_automated_fe_tests/test/homepage.js:39:5)
    at addSpecsToSuite (/usr/local/lib/node_modules/protractor/node_modules/jasmine-core/lib/jasmine-core/jasmine.js:1013:25)
    at Env.describe (/usr/local/lib/node_modules/protractor/node_modules/jasmine-core/lib/jasmine-core/jasmine.js:980:7)
    at describe (/usr/local/lib/node_modules/protractor/node_modules/jasmine-core/lib/jasmine-core/jasmine.js:4163:18)
    at Object.<anonymous> (/Users/skabir/Documents/Development/room5_automation/room5_automated_fe_tests/test/homepage.js:3:1)
    at Module._compile (module.js:635:30)
    at Object.Module._extensions..js (module.js:646:10)
    at Module.load (module.js:554:32)
    at tryModuleLoad (module.js:497:12)]]>
   </failure>
  </testcase>
  <testcase classname="chrome_MAC.Homepage -&gt;" name="displaying title of the first article in the editorial pick" time="0.044">
   <failure type="exception" message="Failed: No element found using locator: By(css selector, *[id=&quot;editors_pick&quot;])"><![CDATA[NoSuchElementError: No element found using locator: By(css selector, *[id="editors_pick"])
    at elementArrayFinder.getWebElements.then (/usr/local/lib/node_modules/protractor/lib/element.ts:851:17)
    at ManagedPromise.invokeCallback_ (/usr/local/lib/node_modules/protractor/node_modules/selenium-webdriver/lib/promise.js:1366:14)
    at TaskQueue.execute_ (/usr/local/lib/node_modules/protractor/node_modules/selenium-webdriver/lib/promise.js:2970:14)
    at TaskQueue.executeNext_ (/usr/local/lib/node_modules/protractor/node_modules/selenium-webdriver/lib/promise.js:2953:27)
    at asyncRun (/usr/local/lib/node_modules/protractor/node_modules/selenium-webdriver/lib/promise.js:2813:27)
    at /usr/local/lib/node_modules/protractor/node_modules/selenium-webdriver/lib/promise.js:676:7
    at <anonymous>
    at process._tickCallback (internal/process/next_tick.js:188:7)Error
    at ElementArrayFinder.applyAction_ (/usr/local/lib/node_modules/protractor/lib/element.ts:482:23)
    at ElementArrayFinder.(anonymous function).args [as getText] (/usr/local/lib/node_modules/protractor/lib/element.ts:96:21)
    at ElementFinder.(anonymous function).args [as getText] (/usr/local/lib/node_modules/protractor/lib/element.ts:873:14)
    at UserContext.<anonymous> (/Users/skabir/Documents/Development/room5_automation/room5_automated_fe_tests/test/homepage.js:46:66)
    at /usr/local/lib/node_modules/protractor/node_modules/jasminewd2/index.js:112:25
    at new ManagedPromise (/usr/local/lib/node_modules/protractor/node_modules/selenium-webdriver/lib/promise.js:1067:7)
    at ControlFlow.promise (/usr/local/lib/node_modules/protractor/node_modules/selenium-webdriver/lib/promise.js:2396:12)
    at schedulerExecute (/usr/local/lib/node_modules/protractor/node_modules/jasminewd2/index.js:95:18)
    at TaskQueue.execute_ (/usr/local/lib/node_modules/protractor/node_modules/selenium-webdriver/lib/promise.js:2970:14)
    at TaskQueue.executeNext_ (/usr/local/lib/node_modules/protractor/node_modules/selenium-webdriver/lib/promise.js:2953:27)
From: Task: Run it("displaying title of the first article in the editorial pick") in control flow
    at UserContext.<anonymous> (/usr/local/lib/node_modules/protractor/node_modules/jasminewd2/index.js:94:19)
    at attempt (/usr/local/lib/node_modules/protractor/node_modules/jasmine-core/lib/jasmine-core/jasmine.js:4071:26)
    at QueueRunner.run (/usr/local/lib/node_modules/protractor/node_modules/jasmine-core/lib/jasmine-core/jasmine.js:3991:20)
    at runNext (/usr/local/lib/node_modules/protractor/node_modules/jasmine-core/lib/jasmine-core/jasmine.js:4031:20)
    at /usr/local/lib/node_modules/protractor/node_modules/jasmine-core/lib/jasmine-core/jasmine.js:4038:13
    at /usr/local/lib/node_modules/protractor/node_modules/jasmine-core/lib/jasmine-core/jasmine.js:3946:9
    at /usr/local/lib/node_modules/protractor/node_modules/jasminewd2/index.js:64:48
    at ControlFlow.emit (/usr/local/lib/node_modules/protractor/node_modules/selenium-webdriver/lib/events.js:62:21)
    at ControlFlow.shutdown_ (/usr/local/lib/node_modules/protractor/node_modules/selenium-webdriver/lib/promise.js:2565:10)
    at shutdownTask_.MicroTask (/usr/local/lib/node_modules/protractor/node_modules/selenium-webdriver/lib/promise.js:2490:53)
From asynchronous test: 
Error
    at Suite.<anonymous> (/Users/skabir/Documents/Development/room5_automation/room5_automated_fe_tests/test/homepage.js:45:5)
    at addSpecsToSuite (/usr/local/lib/node_modules/protractor/node_modules/jasmine-core/lib/jasmine-core/jasmine.js:1013:25)
    at Env.describe (/usr/local/lib/node_modules/protractor/node_modules/jasmine-core/lib/jasmine-core/jasmine.js:980:7)
    at describe (/usr/local/lib/node_modules/protractor/node_modules/jasmine-core/lib/jasmine-core/jasmine.js:4163:18)
    at Object.<anonymous> (/Users/skabir/Documents/Development/room5_automation/room5_automated_fe_tests/test/homepage.js:3:1)
    at Module._compile (module.js:635:30)
    at Object.Module._extensions..js (module.js:646:10)
    at Module.load (module.js:554:32)
    at tryModuleLoad (module.js:497:12)]]>
   </failure>
  </testcase>
  <testcase classname="chrome_MAC.Homepage -&gt;" name="displaying description of the first article in the editorial pick" time="0.04">
   <failure type="exception" message="Failed: No element found using locator: By(css selector, *[id=&quot;editors_pick&quot;])"><![CDATA[NoSuchElementError: No element found using locator: By(css selector, *[id="editors_pick"])
    at elementArrayFinder.getWebElements.then (/usr/local/lib/node_modules/protractor/lib/element.ts:851:17)
    at ManagedPromise.invokeCallback_ (/usr/local/lib/node_modules/protractor/node_modules/selenium-webdriver/lib/promise.js:1366:14)
    at TaskQueue.execute_ (/usr/local/lib/node_modules/protractor/node_modules/selenium-webdriver/lib/promise.js:2970:14)
    at TaskQueue.executeNext_ (/usr/local/lib/node_modules/protractor/node_modules/selenium-webdriver/lib/promise.js:2953:27)
    at asyncRun (/usr/local/lib/node_modules/protractor/node_modules/selenium-webdriver/lib/promise.js:2813:27)
    at /usr/local/lib/node_modules/protractor/node_modules/selenium-webdriver/lib/promise.js:676:7
    at <anonymous>
    at process._tickCallback (internal/process/next_tick.js:188:7)Error
    at ElementArrayFinder.applyAction_ (/usr/local/lib/node_modules/protractor/lib/element.ts:482:23)
    at ElementArrayFinder.(anonymous function).args [as getText] (/usr/local/lib/node_modules/protractor/lib/element.ts:96:21)
    at ElementFinder.(anonymous function).args [as getText] (/usr/local/lib/node_modules/protractor/lib/element.ts:873:14)
    at UserContext.<anonymous> (/Users/skabir/Documents/Development/room5_automation/room5_automated_fe_tests/test/homepage.js:50:68)
    at /usr/local/lib/node_modules/protractor/node_modules/jasminewd2/index.js:112:25
    at new ManagedPromise (/usr/local/lib/node_modules/protractor/node_modules/selenium-webdriver/lib/promise.js:1067:7)
    at ControlFlow.promise (/usr/local/lib/node_modules/protractor/node_modules/selenium-webdriver/lib/promise.js:2396:12)
    at schedulerExecute (/usr/local/lib/node_modules/protractor/node_modules/jasminewd2/index.js:95:18)
    at TaskQueue.execute_ (/usr/local/lib/node_modules/protractor/node_modules/selenium-webdriver/lib/promise.js:2970:14)
    at TaskQueue.executeNext_ (/usr/local/lib/node_modules/protractor/node_modules/selenium-webdriver/lib/promise.js:2953:27)
From: Task: Run it("displaying description of the first article in the editorial pick") in control flow
    at UserContext.<anonymous> (/usr/local/lib/node_modules/protractor/node_modules/jasminewd2/index.js:94:19)
    at attempt (/usr/local/lib/node_modules/protractor/node_modules/jasmine-core/lib/jasmine-core/jasmine.js:4071:26)
    at QueueRunner.run (/usr/local/lib/node_modules/protractor/node_modules/jasmine-core/lib/jasmine-core/jasmine.js:3991:20)
    at runNext (/usr/local/lib/node_modules/protractor/node_modules/jasmine-core/lib/jasmine-core/jasmine.js:4031:20)
    at /usr/local/lib/node_modules/protractor/node_modules/jasmine-core/lib/jasmine-core/jasmine.js:4038:13
    at /usr/local/lib/node_modules/protractor/node_modules/jasmine-core/lib/jasmine-core/jasmine.js:3946:9
    at /usr/local/lib/node_modules/protractor/node_modules/jasminewd2/index.js:64:48
    at ControlFlow.emit (/usr/local/lib/node_modules/protractor/node_modules/selenium-webdriver/lib/events.js:62:21)
    at ControlFlow.shutdown_ (/usr/local/lib/node_modules/protractor/node_modules/selenium-webdriver/lib/promise.js:2565:10)
    at shutdownTask_.MicroTask (/usr/local/lib/node_modules/protractor/node_modules/selenium-webdriver/lib/promise.js:2490:53)
From asynchronous test: 
Error
    at Suite.<anonymous> (/Users/skabir/Documents/Development/room5_automation/room5_automated_fe_tests/test/homepage.js:49:5)
    at addSpecsToSuite (/usr/local/lib/node_modules/protractor/node_modules/jasmine-core/lib/jasmine-core/jasmine.js:1013:25)
    at Env.describe (/usr/local/lib/node_modules/protractor/node_modules/jasmine-core/lib/jasmine-core/jasmine.js:980:7)
    at describe (/usr/local/lib/node_modules/protractor/node_modules/jasmine-core/lib/jasmine-core/jasmine.js:4163:18)
    at Object.<anonymous> (/Users/skabir/Documents/Development/room5_automation/room5_automated_fe_tests/test/homepage.js:3:1)
    at Module._compile (module.js:635:30)
    at Object.Module._extensions..js (module.js:646:10)
    at Module.load (module.js:554:32)
    at tryModuleLoad (module.js:497:12)]]>
   </failure>
  </testcase>
  <testcase classname="chrome_MAC.Homepage -&gt;" name="displaying summer trends banner" time="0.074">
   <failure type="exception" message="Failed: No element found using locator: By(css selector, *[id=&quot;summer_trends_banner&quot;])"><![CDATA[NoSuchElementError: No element found using locator: By(css selector, *[id="summer_trends_banner"])
    at elementArrayFinder.getWebElements.then (/usr/local/lib/node_modules/protractor/lib/element.ts:851:17)
    at ManagedPromise.invokeCallback_ (/usr/local/lib/node_modules/protractor/node_modules/selenium-webdriver/lib/promise.js:1366:14)
    at TaskQueue.execute_ (/usr/local/lib/node_modules/protractor/node_modules/selenium-webdriver/lib/promise.js:2970:14)
    at TaskQueue.executeNext_ (/usr/local/lib/node_modules/protractor/node_modules/selenium-webdriver/lib/promise.js:2953:27)
    at asyncRun (/usr/local/lib/node_modules/protractor/node_modules/selenium-webdriver/lib/promise.js:2813:27)
    at /usr/local/lib/node_modules/protractor/node_modules/selenium-webdriver/lib/promise.js:676:7
    at <anonymous>
    at process._tickCallback (internal/process/next_tick.js:188:7)Error
    at ElementArrayFinder.applyAction_ (/usr/local/lib/node_modules/protractor/lib/element.ts:482:23)
    at ElementArrayFinder.(anonymous function).args [as getAttribute] (/usr/local/lib/node_modules/protractor/lib/element.ts:96:21)
    at ElementFinder.(anonymous function).args [as getAttribute] (/usr/local/lib/node_modules/protractor/lib/element.ts:873:14)
    at homepage_obj.summer_trend_banner (/Users/skabir/Documents/Development/room5_automation/room5_automated_fe_tests/page/homepage_obj.js:72:18)
    at UserContext.<anonymous> (/Users/skabir/Documents/Development/room5_automation/room5_automated_fe_tests/test/homepage.js:55:22)
    at /usr/local/lib/node_modules/protractor/node_modules/jasminewd2/index.js:112:25
    at new ManagedPromise (/usr/local/lib/node_modules/protractor/node_modules/selenium-webdriver/lib/promise.js:1067:7)
    at ControlFlow.promise (/usr/local/lib/node_modules/protractor/node_modules/selenium-webdriver/lib/promise.js:2396:12)
    at schedulerExecute (/usr/local/lib/node_modules/protractor/node_modules/jasminewd2/index.js:95:18)
    at TaskQueue.execute_ (/usr/local/lib/node_modules/protractor/node_modules/selenium-webdriver/lib/promise.js:2970:14)
From: Task: Run it("displaying summer trends banner") in control flow
    at UserContext.<anonymous> (/usr/local/lib/node_modules/protractor/node_modules/jasminewd2/index.js:94:19)
    at attempt (/usr/local/lib/node_modules/protractor/node_modules/jasmine-core/lib/jasmine-core/jasmine.js:4071:26)
    at QueueRunner.run (/usr/local/lib/node_modules/protractor/node_modules/jasmine-core/lib/jasmine-core/jasmine.js:3991:20)
    at runNext (/usr/local/lib/node_modules/protractor/node_modules/jasmine-core/lib/jasmine-core/jasmine.js:4031:20)
    at /usr/local/lib/node_modules/protractor/node_modules/jasmine-core/lib/jasmine-core/jasmine.js:4038:13
    at /usr/local/lib/node_modules/protractor/node_modules/jasmine-core/lib/jasmine-core/jasmine.js:3946:9
    at /usr/local/lib/node_modules/protractor/node_modules/jasminewd2/index.js:64:48
    at ControlFlow.emit (/usr/local/lib/node_modules/protractor/node_modules/selenium-webdriver/lib/events.js:62:21)
    at ControlFlow.shutdown_ (/usr/local/lib/node_modules/protractor/node_modules/selenium-webdriver/lib/promise.js:2565:10)
    at shutdownTask_.MicroTask (/usr/local/lib/node_modules/protractor/node_modules/selenium-webdriver/lib/promise.js:2490:53)
From asynchronous test: 
Error
    at Suite.<anonymous> (/Users/skabir/Documents/Development/room5_automation/room5_automated_fe_tests/test/homepage.js:54:5)
    at addSpecsToSuite (/usr/local/lib/node_modules/protractor/node_modules/jasmine-core/lib/jasmine-core/jasmine.js:1013:25)
    at Env.describe (/usr/local/lib/node_modules/protractor/node_modules/jasmine-core/lib/jasmine-core/jasmine.js:980:7)
    at describe (/usr/local/lib/node_modules/protractor/node_modules/jasmine-core/lib/jasmine-core/jasmine.js:4163:18)
    at Object.<anonymous> (/Users/skabir/Documents/Development/room5_automation/room5_automated_fe_tests/test/homepage.js:3:1)
    at Module._compile (module.js:635:30)
    at Object.Module._extensions..js (module.js:646:10)
    at Module.load (module.js:554:32)
    at tryModuleLoad (module.js:497:12)]]>
   </failure>
  </testcase>
  <testcase classname="chrome_MAC.Homepage -&gt;" name="displaying most popular title" time="0.065">
   <failure type="exception" message="Failed: Index out of bound. Trying to access element at index: 0, but there are only 0 elements that match locator By(css selector, .mt-8.mb-8)"><![CDATA[NoSuchElementError: Index out of bound. Trying to access element at index: 0, but there are only 0 elements that match locator By(css selector, .mt-8.mb-8)
    at selenium_webdriver_1.promise.all.then (/usr/local/lib/node_modules/protractor/lib/element.ts:287:17)
    at ManagedPromise.invokeCallback_ (/usr/local/lib/node_modules/protractor/node_modules/selenium-webdriver/lib/promise.js:1366:14)
    at TaskQueue.execute_ (/usr/local/lib/node_modules/protractor/node_modules/selenium-webdriver/lib/promise.js:2970:14)
    at TaskQueue.executeNext_ (/usr/local/lib/node_modules/protractor/node_modules/selenium-webdriver/lib/promise.js:2953:27)
    at asyncRun (/usr/local/lib/node_modules/protractor/node_modules/selenium-webdriver/lib/promise.js:2813:27)
    at /usr/local/lib/node_modules/protractor/node_modules/selenium-webdriver/lib/promise.js:676:7
    at <anonymous>
    at process._tickCallback (internal/process/next_tick.js:188:7)Error
    at ElementArrayFinder.applyAction_ (/usr/local/lib/node_modules/protractor/lib/element.ts:482:23)
    at ElementArrayFinder.(anonymous function).args [as getText] (/usr/local/lib/node_modules/protractor/lib/element.ts:96:21)
    at ElementFinder.(anonymous function).args [as getText] (/usr/local/lib/node_modules/protractor/lib/element.ts:873:14)
    at UserContext.<anonymous> (/Users/skabir/Documents/Development/room5_automation/room5_automated_fe_tests/test/homepage.js:61:48)
    at /usr/local/lib/node_modules/protractor/node_modules/jasminewd2/index.js:112:25
    at new ManagedPromise (/usr/local/lib/node_modules/protractor/node_modules/selenium-webdriver/lib/promise.js:1067:7)
    at ControlFlow.promise (/usr/local/lib/node_modules/protractor/node_modules/selenium-webdriver/lib/promise.js:2396:12)
    at schedulerExecute (/usr/local/lib/node_modules/protractor/node_modules/jasminewd2/index.js:95:18)
    at TaskQueue.execute_ (/usr/local/lib/node_modules/protractor/node_modules/selenium-webdriver/lib/promise.js:2970:14)
    at TaskQueue.executeNext_ (/usr/local/lib/node_modules/protractor/node_modules/selenium-webdriver/lib/promise.js:2953:27)
From: Task: Run it("displaying most popular title") in control flow
    at UserContext.<anonymous> (/usr/local/lib/node_modules/protractor/node_modules/jasminewd2/index.js:94:19)
    at attempt (/usr/local/lib/node_modules/protractor/node_modules/jasmine-core/lib/jasmine-core/jasmine.js:4071:26)
    at QueueRunner.run (/usr/local/lib/node_modules/protractor/node_modules/jasmine-core/lib/jasmine-core/jasmine.js:3991:20)
    at runNext (/usr/local/lib/node_modules/protractor/node_modules/jasmine-core/lib/jasmine-core/jasmine.js:4031:20)
    at /usr/local/lib/node_modules/protractor/node_modules/jasmine-core/lib/jasmine-core/jasmine.js:4038:13
    at /usr/local/lib/node_modules/protractor/node_modules/jasmine-core/lib/jasmine-core/jasmine.js:3946:9
    at /usr/local/lib/node_modules/protractor/node_modules/jasminewd2/index.js:64:48
    at ControlFlow.emit (/usr/local/lib/node_modules/protractor/node_modules/selenium-webdriver/lib/events.js:62:21)
    at ControlFlow.shutdown_ (/usr/local/lib/node_modules/protractor/node_modules/selenium-webdriver/lib/promise.js:2565:10)
    at shutdownTask_.MicroTask (/usr/local/lib/node_modules/protractor/node_modules/selenium-webdriver/lib/promise.js:2490:53)
From asynchronous test: 
Error
    at Suite.<anonymous> (/Users/skabir/Documents/Development/room5_automation/room5_automated_fe_tests/test/homepage.js:60:5)
    at addSpecsToSuite (/usr/local/lib/node_modules/protractor/node_modules/jasmine-core/lib/jasmine-core/jasmine.js:1013:25)
    at Env.describe (/usr/local/lib/node_modules/protractor/node_modules/jasmine-core/lib/jasmine-core/jasmine.js:980:7)
    at describe (/usr/local/lib/node_modules/protractor/node_modules/jasmine-core/lib/jasmine-core/jasmine.js:4163:18)
    at Object.<anonymous> (/Users/skabir/Documents/Development/room5_automation/room5_automated_fe_tests/test/homepage.js:3:1)
    at Module._compile (module.js:635:30)
    at Object.Module._extensions..js (module.js:646:10)
    at Module.load (module.js:554:32)
    at tryModuleLoad (module.js:497:12)]]>
   </failure>
  </testcase>
  <testcase classname="chrome_MAC.Homepage -&gt;" name="total number of post under most popular title is 3" time="0.031">
   <failure type="exception" message="Failed: No element found using locator: By(css selector, *[id=&quot;most_popular&quot;])"><![CDATA[NoSuchElementError: No element found using locator: By(css selector, *[id="most_popular"])
    at elementArrayFinder.getWebElements.then (/usr/local/lib/node_modules/protractor/lib/element.ts:851:17)
    at ManagedPromise.invokeCallback_ (/usr/local/lib/node_modules/protractor/node_modules/selenium-webdriver/lib/promise.js:1366:14)
    at TaskQueue.execute_ (/usr/local/lib/node_modules/protractor/node_modules/selenium-webdriver/lib/promise.js:2970:14)
    at TaskQueue.executeNext_ (/usr/local/lib/node_modules/protractor/node_modules/selenium-webdriver/lib/promise.js:2953:27)
    at asyncRun (/usr/local/lib/node_modules/protractor/node_modules/selenium-webdriver/lib/promise.js:2813:27)
    at /usr/local/lib/node_modules/protractor/node_modules/selenium-webdriver/lib/promise.js:676:7
    at <anonymous>
    at process._tickCallback (internal/process/next_tick.js:188:7)
From: Task: Run it("total number of post under most popular title is 3") in control flow
    at UserContext.<anonymous> (/usr/local/lib/node_modules/protractor/node_modules/jasminewd2/index.js:94:19)
    at attempt (/usr/local/lib/node_modules/protractor/node_modules/jasmine-core/lib/jasmine-core/jasmine.js:4071:26)
    at QueueRunner.run (/usr/local/lib/node_modules/protractor/node_modules/jasmine-core/lib/jasmine-core/jasmine.js:3991:20)
    at runNext (/usr/local/lib/node_modules/protractor/node_modules/jasmine-core/lib/jasmine-core/jasmine.js:4031:20)
    at /usr/local/lib/node_modules/protractor/node_modules/jasmine-core/lib/jasmine-core/jasmine.js:4038:13
    at /usr/local/lib/node_modules/protractor/node_modules/jasmine-core/lib/jasmine-core/jasmine.js:3946:9
    at /usr/local/lib/node_modules/protractor/node_modules/jasminewd2/index.js:64:48
    at ControlFlow.emit (/usr/local/lib/node_modules/protractor/node_modules/selenium-webdriver/lib/events.js:62:21)
    at ControlFlow.shutdown_ (/usr/local/lib/node_modules/protractor/node_modules/selenium-webdriver/lib/promise.js:2565:10)
    at shutdownTask_.MicroTask (/usr/local/lib/node_modules/protractor/node_modules/selenium-webdriver/lib/promise.js:2490:53)
From asynchronous test: 
Error
    at Suite.<anonymous> (/Users/skabir/Documents/Development/room5_automation/room5_automated_fe_tests/test/homepage.js:64:5)
    at addSpecsToSuite (/usr/local/lib/node_modules/protractor/node_modules/jasmine-core/lib/jasmine-core/jasmine.js:1013:25)
    at Env.describe (/usr/local/lib/node_modules/protractor/node_modules/jasmine-core/lib/jasmine-core/jasmine.js:980:7)
    at describe (/usr/local/lib/node_modules/protractor/node_modules/jasmine-core/lib/jasmine-core/jasmine.js:4163:18)
    at Object.<anonymous> (/Users/skabir/Documents/Development/room5_automation/room5_automated_fe_tests/test/homepage.js:3:1)
    at Module._compile (module.js:635:30)
    at Object.Module._extensions..js (module.js:646:10)
    at Module.load (module.js:554:32)
    at tryModuleLoad (module.js:497:12)]]>
   </failure>
  </testcase>
  <testcase classname="chrome_MAC.Homepage -&gt;" name="displaying trivago advice calendar banner" time="0.031">
   <failure type="exception" message="Failed: No element found using locator: By(css selector, *[id=&quot;tac_banner&quot;])"><![CDATA[NoSuchElementError: No element found using locator: By(css selector, *[id="tac_banner"])
    at elementArrayFinder.getWebElements.then (/usr/local/lib/node_modules/protractor/lib/element.ts:851:17)
    at ManagedPromise.invokeCallback_ (/usr/local/lib/node_modules/protractor/node_modules/selenium-webdriver/lib/promise.js:1366:14)
    at TaskQueue.execute_ (/usr/local/lib/node_modules/protractor/node_modules/selenium-webdriver/lib/promise.js:2970:14)
    at TaskQueue.executeNext_ (/usr/local/lib/node_modules/protractor/node_modules/selenium-webdriver/lib/promise.js:2953:27)
    at asyncRun (/usr/local/lib/node_modules/protractor/node_modules/selenium-webdriver/lib/promise.js:2813:27)
    at /usr/local/lib/node_modules/protractor/node_modules/selenium-webdriver/lib/promise.js:676:7
    at <anonymous>
    at process._tickCallback (internal/process/next_tick.js:188:7)Error
    at ElementArrayFinder.applyAction_ (/usr/local/lib/node_modules/protractor/lib/element.ts:482:23)
    at ElementArrayFinder.(anonymous function).args [as getAttribute] (/usr/local/lib/node_modules/protractor/lib/element.ts:96:21)
    at ElementFinder.(anonymous function).args [as getAttribute] (/usr/local/lib/node_modules/protractor/lib/element.ts:873:14)
    at homepage_obj.tac_banner (/Users/skabir/Documents/Development/room5_automation/room5_automated_fe_tests/page/homepage_obj.js:92:18)
    at UserContext.<anonymous> (/Users/skabir/Documents/Development/room5_automation/room5_automated_fe_tests/test/homepage.js:71:22)
    at /usr/local/lib/node_modules/protractor/node_modules/jasminewd2/index.js:112:25
    at new ManagedPromise (/usr/local/lib/node_modules/protractor/node_modules/selenium-webdriver/lib/promise.js:1067:7)
    at ControlFlow.promise (/usr/local/lib/node_modules/protractor/node_modules/selenium-webdriver/lib/promise.js:2396:12)
    at schedulerExecute (/usr/local/lib/node_modules/protractor/node_modules/jasminewd2/index.js:95:18)
    at TaskQueue.execute_ (/usr/local/lib/node_modules/protractor/node_modules/selenium-webdriver/lib/promise.js:2970:14)
From: Task: Run it("displaying trivago advice calendar banner") in control flow
    at UserContext.<anonymous> (/usr/local/lib/node_modules/protractor/node_modules/jasminewd2/index.js:94:19)
    at attempt (/usr/local/lib/node_modules/protractor/node_modules/jasmine-core/lib/jasmine-core/jasmine.js:4071:26)
    at QueueRunner.run (/usr/local/lib/node_modules/protractor/node_modules/jasmine-core/lib/jasmine-core/jasmine.js:3991:20)
    at runNext (/usr/local/lib/node_modules/protractor/node_modules/jasmine-core/lib/jasmine-core/jasmine.js:4031:20)
    at /usr/local/lib/node_modules/protractor/node_modules/jasmine-core/lib/jasmine-core/jasmine.js:4038:13
    at /usr/local/lib/node_modules/protractor/node_modules/jasmine-core/lib/jasmine-core/jasmine.js:3946:9
    at /usr/local/lib/node_modules/protractor/node_modules/jasminewd2/index.js:64:48
    at ControlFlow.emit (/usr/local/lib/node_modules/protractor/node_modules/selenium-webdriver/lib/events.js:62:21)
    at ControlFlow.shutdown_ (/usr/local/lib/node_modules/protractor/node_modules/selenium-webdriver/lib/promise.js:2565:10)
    at shutdownTask_.MicroTask (/usr/local/lib/node_modules/protractor/node_modules/selenium-webdriver/lib/promise.js:2490:53)
From asynchronous test: 
Error
    at Suite.<anonymous> (/Users/skabir/Documents/Development/room5_automation/room5_automated_fe_tests/test/homepage.js:70:5)
    at addSpecsToSuite (/usr/local/lib/node_modules/protractor/node_modules/jasmine-core/lib/jasmine-core/jasmine.js:1013:25)
    at Env.describe (/usr/local/lib/node_modules/protractor/node_modules/jasmine-core/lib/jasmine-core/jasmine.js:980:7)
    at describe (/usr/local/lib/node_modules/protractor/node_modules/jasmine-core/lib/jasmine-core/jasmine.js:4163:18)
    at Object.<anonymous> (/Users/skabir/Documents/Development/room5_automation/room5_automated_fe_tests/test/homepage.js:3:1)
    at Module._compile (module.js:635:30)
    at Object.Module._extensions..js (module.js:646:10)
    at Module.load (module.js:554:32)
    at tryModuleLoad (module.js:497:12)]]>
   </failure>
  </testcase>
  <testcase classname="chrome_MAC.Homepage -&gt;" name="displaying latest article title" time="0.038">
   <failure type="exception" message="Failed: Index out of bound. Trying to access element at index: 1, but there are only 0 elements that match locator By(css selector, .mt-8.mb-8)"><![CDATA[NoSuchElementError: Index out of bound. Trying to access element at index: 1, but there are only 0 elements that match locator By(css selector, .mt-8.mb-8)
    at selenium_webdriver_1.promise.all.then (/usr/local/lib/node_modules/protractor/lib/element.ts:287:17)
    at ManagedPromise.invokeCallback_ (/usr/local/lib/node_modules/protractor/node_modules/selenium-webdriver/lib/promise.js:1366:14)
    at TaskQueue.execute_ (/usr/local/lib/node_modules/protractor/node_modules/selenium-webdriver/lib/promise.js:2970:14)
    at TaskQueue.executeNext_ (/usr/local/lib/node_modules/protractor/node_modules/selenium-webdriver/lib/promise.js:2953:27)
    at asyncRun (/usr/local/lib/node_modules/protractor/node_modules/selenium-webdriver/lib/promise.js:2813:27)
    at /usr/local/lib/node_modules/protractor/node_modules/selenium-webdriver/lib/promise.js:676:7
    at <anonymous>
    at process._tickCallback (internal/process/next_tick.js:188:7)Error
    at ElementArrayFinder.applyAction_ (/usr/local/lib/node_modules/protractor/lib/element.ts:482:23)
    at ElementArrayFinder.(anonymous function).args [as getText] (/usr/local/lib/node_modules/protractor/lib/element.ts:96:21)
    at ElementFinder.(anonymous function).args [as getText] (/usr/local/lib/node_modules/protractor/lib/element.ts:873:14)
    at UserContext.<anonymous> (/Users/skabir/Documents/Development/room5_automation/room5_automated_fe_tests/test/homepage.js:77:48)
    at /usr/local/lib/node_modules/protractor/node_modules/jasminewd2/index.js:112:25
    at new ManagedPromise (/usr/local/lib/node_modules/protractor/node_modules/selenium-webdriver/lib/promise.js:1067:7)
    at ControlFlow.promise (/usr/local/lib/node_modules/protractor/node_modules/selenium-webdriver/lib/promise.js:2396:12)
    at schedulerExecute (/usr/local/lib/node_modules/protractor/node_modules/jasminewd2/index.js:95:18)
    at TaskQueue.execute_ (/usr/local/lib/node_modules/protractor/node_modules/selenium-webdriver/lib/promise.js:2970:14)
    at TaskQueue.executeNext_ (/usr/local/lib/node_modules/protractor/node_modules/selenium-webdriver/lib/promise.js:2953:27)
From: Task: Run it("displaying latest article title") in control flow
    at UserContext.<anonymous> (/usr/local/lib/node_modules/protractor/node_modules/jasminewd2/index.js:94:19)
    at attempt (/usr/local/lib/node_modules/protractor/node_modules/jasmine-core/lib/jasmine-core/jasmine.js:4071:26)
    at QueueRunner.run (/usr/local/lib/node_modules/protractor/node_modules/jasmine-core/lib/jasmine-core/jasmine.js:3991:20)
    at runNext (/usr/local/lib/node_modules/protractor/node_modules/jasmine-core/lib/jasmine-core/jasmine.js:4031:20)
    at /usr/local/lib/node_modules/protractor/node_modules/jasmine-core/lib/jasmine-core/jasmine.js:4038:13
    at /usr/local/lib/node_modules/protractor/node_modules/jasmine-core/lib/jasmine-core/jasmine.js:3946:9
    at /usr/local/lib/node_modules/protractor/node_modules/jasminewd2/index.js:64:48
    at ControlFlow.emit (/usr/local/lib/node_modules/protractor/node_modules/selenium-webdriver/lib/events.js:62:21)
    at ControlFlow.shutdown_ (/usr/local/lib/node_modules/protractor/node_modules/selenium-webdriver/lib/promise.js:2565:10)
    at shutdownTask_.MicroTask (/usr/local/lib/node_modules/protractor/node_modules/selenium-webdriver/lib/promise.js:2490:53)
From asynchronous test: 
Error
    at Suite.<anonymous> (/Users/skabir/Documents/Development/room5_automation/room5_automated_fe_tests/test/homepage.js:76:5)
    at addSpecsToSuite (/usr/local/lib/node_modules/protractor/node_modules/jasmine-core/lib/jasmine-core/jasmine.js:1013:25)
    at Env.describe (/usr/local/lib/node_modules/protractor/node_modules/jasmine-core/lib/jasmine-core/jasmine.js:980:7)
    at describe (/usr/local/lib/node_modules/protractor/node_modules/jasmine-core/lib/jasmine-core/jasmine.js:4163:18)
    at Object.<anonymous> (/Users/skabir/Documents/Development/room5_automation/room5_automated_fe_tests/test/homepage.js:3:1)
    at Module._compile (module.js:635:30)
    at Object.Module._extensions..js (module.js:646:10)
    at Module.load (module.js:554:32)
    at tryModuleLoad (module.js:497:12)]]>
   </failure>
  </testcase>
  <testcase classname="chrome_MAC.Homepage -&gt;" name="total number of post under latest popular title is 6" time="0.038">
   <failure type="exception" message="Failed: No element found using locator: By(css selector, *[id=&quot;latest_articles&quot;])"><![CDATA[NoSuchElementError: No element found using locator: By(css selector, *[id="latest_articles"])
    at elementArrayFinder.getWebElements.then (/usr/local/lib/node_modules/protractor/lib/element.ts:851:17)
    at ManagedPromise.invokeCallback_ (/usr/local/lib/node_modules/protractor/node_modules/selenium-webdriver/lib/promise.js:1366:14)
    at TaskQueue.execute_ (/usr/local/lib/node_modules/protractor/node_modules/selenium-webdriver/lib/promise.js:2970:14)
    at TaskQueue.executeNext_ (/usr/local/lib/node_modules/protractor/node_modules/selenium-webdriver/lib/promise.js:2953:27)
    at asyncRun (/usr/local/lib/node_modules/protractor/node_modules/selenium-webdriver/lib/promise.js:2813:27)
    at /usr/local/lib/node_modules/protractor/node_modules/selenium-webdriver/lib/promise.js:676:7
    at <anonymous>
    at process._tickCallback (internal/process/next_tick.js:188:7)
From: Task: Run it("total number of post under latest popular title is 6") in control flow
    at UserContext.<anonymous> (/usr/local/lib/node_modules/protractor/node_modules/jasminewd2/index.js:94:19)
    at attempt (/usr/local/lib/node_modules/protractor/node_modules/jasmine-core/lib/jasmine-core/jasmine.js:4071:26)
    at QueueRunner.run (/usr/local/lib/node_modules/protractor/node_modules/jasmine-core/lib/jasmine-core/jasmine.js:3991:20)
    at runNext (/usr/local/lib/node_modules/protractor/node_modules/jasmine-core/lib/jasmine-core/jasmine.js:4031:20)
    at /usr/local/lib/node_modules/protractor/node_modules/jasmine-core/lib/jasmine-core/jasmine.js:4038:13
    at /usr/local/lib/node_modules/protractor/node_modules/jasmine-core/lib/jasmine-core/jasmine.js:3946:9
    at /usr/local/lib/node_modules/protractor/node_modules/jasminewd2/index.js:64:48
    at ControlFlow.emit (/usr/local/lib/node_modules/protractor/node_modules/selenium-webdriver/lib/events.js:62:21)
    at ControlFlow.shutdown_ (/usr/local/lib/node_modules/protractor/node_modules/selenium-webdriver/lib/promise.js:2565:10)
    at shutdownTask_.MicroTask (/usr/local/lib/node_modules/protractor/node_modules/selenium-webdriver/lib/promise.js:2490:53)
From asynchronous test: 
Error
    at Suite.<anonymous> (/Users/skabir/Documents/Development/room5_automation/room5_automated_fe_tests/test/homepage.js:80:5)
    at addSpecsToSuite (/usr/local/lib/node_modules/protractor/node_modules/jasmine-core/lib/jasmine-core/jasmine.js:1013:25)
    at Env.describe (/usr/local/lib/node_modules/protractor/node_modules/jasmine-core/lib/jasmine-core/jasmine.js:980:7)
    at describe (/usr/local/lib/node_modules/protractor/node_modules/jasmine-core/lib/jasmine-core/jasmine.js:4163:18)
    at Object.<anonymous> (/Users/skabir/Documents/Development/room5_automation/room5_automated_fe_tests/test/homepage.js:3:1)
    at Module._compile (module.js:635:30)
    at Object.Module._extensions..js (module.js:646:10)
    at Module.load (module.js:554:32)
    at tryModuleLoad (module.js:497:12)]]>
   </failure>
  </testcase>
  <testcase classname="chrome_MAC.Homepage -&gt;" name="total number of post under inspiration is 9" time="0.04">
   <failure type="exception" message="Failed: No element found using locator: By(css selector, *[id=&quot;inspiration&quot;])"><![CDATA[NoSuchElementError: No element found using locator: By(css selector, *[id="inspiration"])
    at elementArrayFinder.getWebElements.then (/usr/local/lib/node_modules/protractor/lib/element.ts:851:17)
    at ManagedPromise.invokeCallback_ (/usr/local/lib/node_modules/protractor/node_modules/selenium-webdriver/lib/promise.js:1366:14)
    at TaskQueue.execute_ (/usr/local/lib/node_modules/protractor/node_modules/selenium-webdriver/lib/promise.js:2970:14)
    at TaskQueue.executeNext_ (/usr/local/lib/node_modules/protractor/node_modules/selenium-webdriver/lib/promise.js:2953:27)
    at asyncRun (/usr/local/lib/node_modules/protractor/node_modules/selenium-webdriver/lib/promise.js:2813:27)
    at /usr/local/lib/node_modules/protractor/node_modules/selenium-webdriver/lib/promise.js:676:7
    at <anonymous>
    at process._tickCallback (internal/process/next_tick.js:188:7)
From: Task: Run it("total number of post under inspiration is 9") in control flow
    at UserContext.<anonymous> (/usr/local/lib/node_modules/protractor/node_modules/jasminewd2/index.js:94:19)
    at attempt (/usr/local/lib/node_modules/protractor/node_modules/jasmine-core/lib/jasmine-core/jasmine.js:4071:26)
    at QueueRunner.run (/usr/local/lib/node_modules/protractor/node_modules/jasmine-core/lib/jasmine-core/jasmine.js:3991:20)
    at runNext (/usr/local/lib/node_modules/protractor/node_modules/jasmine-core/lib/jasmine-core/jasmine.js:4031:20)
    at /usr/local/lib/node_modules/protractor/node_modules/jasmine-core/lib/jasmine-core/jasmine.js:4038:13
    at /usr/local/lib/node_modules/protractor/node_modules/jasmine-core/lib/jasmine-core/jasmine.js:3946:9
    at /usr/local/lib/node_modules/protractor/node_modules/jasminewd2/index.js:64:48
    at ControlFlow.emit (/usr/local/lib/node_modules/protractor/node_modules/selenium-webdriver/lib/events.js:62:21)
    at ControlFlow.shutdown_ (/usr/local/lib/node_modules/protractor/node_modules/selenium-webdriver/lib/promise.js:2565:10)
    at shutdownTask_.MicroTask (/usr/local/lib/node_modules/protractor/node_modules/selenium-webdriver/lib/promise.js:2490:53)
From asynchronous test: 
Error
    at Suite.<anonymous> (/Users/skabir/Documents/Development/room5_automation/room5_automated_fe_tests/test/homepage.js:86:5)
    at addSpecsToSuite (/usr/local/lib/node_modules/protractor/node_modules/jasmine-core/lib/jasmine-core/jasmine.js:1013:25)
    at Env.describe (/usr/local/lib/node_modules/protractor/node_modules/jasmine-core/lib/jasmine-core/jasmine.js:980:7)
    at describe (/usr/local/lib/node_modules/protractor/node_modules/jasmine-core/lib/jasmine-core/jasmine.js:4163:18)
    at Object.<anonymous> (/Users/skabir/Documents/Development/room5_automation/room5_automated_fe_tests/test/homepage.js:3:1)
    at Module._compile (module.js:635:30)
    at Object.Module._extensions..js (module.js:646:10)
    at Module.load (module.js:554:32)
    at tryModuleLoad (module.js:497:12)]]>
   </failure>
  </testcase>
 </testsuite>
 <testsuite name="chrome_MAC.newsletter -&gt;" timestamp="2017-12-20T11:37:08" hostname="localhost" time="11.603" errors="0" tests="4" skipped="0" disabled="0" failures="0">
  <testcase classname="chrome_MAC.newsletter -&gt;" name="checkbox = unchecked and Email = empty " time="0.172" />
  <testcase classname="chrome_MAC.newsletter -&gt;" name="checkbox = checked and email = empty " time="0.182" />
  <testcase classname="chrome_MAC.newsletter -&gt;" name="checkbox = checked and email = not empty but invalid email" time="2.494" />
  <testcase classname="chrome_MAC.newsletter -&gt;" name="checkbox = checked and email = not empty " time="8.755" />
 </testsuite>
 <testsuite name="chrome_MAC.footer -&gt;" timestamp="2017-12-20T11:37:20" hostname="localhost" time="24.982" errors="0" tests="12" skipped="0" disabled="0" failures="1">
  <testcase classname="chrome_MAC.footer -&gt;" name="click on about room5" time="0.822" />
  <testcase classname="chrome_MAC.footer -&gt;" name="click on contact" time="2.612" />
  <testcase classname="chrome_MAC.footer -&gt;" name="click on mobile app" time="2.204">
   <failure type="toContain" message="Expected &apos;https://www.trivago.com.au/app&apos; to contain &apos;http://company.trivago.com.au/mobile/&apos;."><![CDATA[Error: Failed expectation
    at /Users/skabir/Documents/Development/room5_automation/room5_automated_fe_tests/page/footer_obj.js:45:29
    at ManagedPromise.invokeCallback_ (/usr/local/lib/node_modules/protractor/node_modules/selenium-webdriver/lib/promise.js:1366:14)
    at TaskQueue.execute_ (/usr/local/lib/node_modules/protractor/node_modules/selenium-webdriver/lib/promise.js:2970:14)
    at TaskQueue.executeNext_ (/usr/local/lib/node_modules/protractor/node_modules/selenium-webdriver/lib/promise.js:2953:27)
    at asyncRun (/usr/local/lib/node_modules/protractor/node_modules/selenium-webdriver/lib/promise.js:2813:27)
    at /usr/local/lib/node_modules/protractor/node_modules/selenium-webdriver/lib/promise.js:676:7
    at <anonymous>
    at process._tickCallback (internal/process/next_tick.js:188:7)]]>
   </failure>
  </testcase>
  <testcase classname="chrome_MAC.footer -&gt;" name="click on cookie policy" time="1" />
  <testcase classname="chrome_MAC.footer -&gt;" name="click on Impressum" time="2.131" />
  <testcase classname="chrome_MAC.footer -&gt;" name="click on trivago" time="4.058" />
  <testcase classname="chrome_MAC.footer -&gt;" name="click on facebook" time="4.077" />
  <testcase classname="chrome_MAC.footer -&gt;" name="click on twitter" time="2.984" />
  <testcase classname="chrome_MAC.footer -&gt;" name="click on pinterest" time="0.246" />
  <testcase classname="chrome_MAC.footer -&gt;" name="click on instagram" time="1.556" />
  <testcase classname="chrome_MAC.footer -&gt;" name="verify selected country in country drop-down" time="0.129" />
  <testcase classname="chrome_MAC.footer -&gt;" name="choose another country from drop-down" time="3.163" />
 </testsuite>
 <testsuite name="chrome_MAC.Search -&gt;" timestamp="2017-12-20T11:37:45" hostname="localhost" time="10.791" errors="0" tests="11" skipped="0" disabled="0" failures="0">
  <testcase classname="chrome_MAC.Search -&gt;" name="click on search icon" time="0.11" />
  <testcase classname="chrome_MAC.Search -&gt;" name="most popular article displayed" time="0.869" />
  <testcase classname="chrome_MAC.Search -&gt;" name="total number of article under most popular is 3" time="0.046" />
  <testcase classname="chrome_MAC.Search -&gt;" name="latest article displayed" time="0.107" />
  <testcase classname="chrome_MAC.Search -&gt;" name="total number of article under latest is 3" time="0.059" />
  <testcase classname="chrome_MAC.Search -&gt;" name="found category by search" time="1.984" />
  <testcase classname="chrome_MAC.Search -&gt;" name="category has feature image" time="0.213" />
  <testcase classname="chrome_MAC.Search -&gt;" name="type word to look in title" time="2.366" />
  <testcase classname="chrome_MAC.Search -&gt;" name="found word in the title" time="2.078" />
  <testcase classname="chrome_MAC.Search -&gt;" name="no result found" time="1.899" />
  <testcase classname="chrome_MAC.Search -&gt;" name="click on cross" time="1.06" />
 </testsuite>
 <testsuite name="chrome_MAC.artcile -&gt;" timestamp="2017-12-20T11:37:55" hostname="localhost" time="20.264" errors="0" tests="33" skipped="0" disabled="0" failures="1">
  <testcase classname="chrome_MAC.artcile -&gt;" name="Loading article" time="1.431" />
  <testcase classname="chrome_MAC.artcile -&gt;" name="Progress bar is present and empty" time="0.051" />
  <testcase classname="chrome_MAC.artcile -&gt;" name="destination of 1st article is avaialble" time="0.056" />
  <testcase classname="chrome_MAC.artcile -&gt;" name="theme of 1st article is avaialble" time="0.049" />
  <testcase classname="chrome_MAC.artcile -&gt;" name="type of 1st article is avaialble" time="0.048" />
  <testcase classname="chrome_MAC.artcile -&gt;" name="title avaialble" time="0.038" />
  <testcase classname="chrome_MAC.artcile -&gt;" name="author avaialble" time="0.051" />
  <testcase classname="chrome_MAC.artcile -&gt;" name="date avaialble" time="0.052" />
  <testcase classname="chrome_MAC.artcile -&gt;" name="Clicking on Facebook sharing at the top of article" time="1.584" />
  <testcase classname="chrome_MAC.artcile -&gt;" name="Clicking on twitter sharing at the top of article" time="0.912" />
  <testcase classname="chrome_MAC.artcile -&gt;" name="Clicking on pinterest sharing at the top of article" time="6.993" />
  <testcase classname="chrome_MAC.artcile -&gt;" name="Clicking on google sharing at the top of article" time="1.562" />
  <testcase classname="chrome_MAC.artcile -&gt;" name="whatsapp sharing" time="0.001" />
  <testcase classname="chrome_MAC.artcile -&gt;" name="email available" time="0.077" />
  <testcase classname="chrome_MAC.artcile -&gt;" name="Scroll 25% of the article" time="0.169">
   <failure type="toBe" message="Expected 0 to be 26."><![CDATA[Error: Failed expectation
    at /Users/skabir/Documents/Development/room5_automation/room5_automated_fe_tests/page/article_obj.js:60:49
    at elementArrayFinder_.then (/usr/local/lib/node_modules/protractor/lib/element.ts:840:22)
    at ManagedPromise.invokeCallback_ (/usr/local/lib/node_modules/protractor/node_modules/selenium-webdriver/lib/promise.js:1366:14)
    at TaskQueue.execute_ (/usr/local/lib/node_modules/protractor/node_modules/selenium-webdriver/lib/promise.js:2970:14)
    at TaskQueue.executeNext_ (/usr/local/lib/node_modules/protractor/node_modules/selenium-webdriver/lib/promise.js:2953:27)
    at asyncRun (/usr/local/lib/node_modules/protractor/node_modules/selenium-webdriver/lib/promise.js:2813:27)
    at /usr/local/lib/node_modules/protractor/node_modules/selenium-webdriver/lib/promise.js:676:7
    at <anonymous>
    at process._tickCallback (internal/process/next_tick.js:188:7)]]>
   </failure>
  </testcase>
  <testcase classname="chrome_MAC.artcile -&gt;" name="Scroll 50% of the article" time="0.132" />
  <testcase classname="chrome_MAC.artcile -&gt;" name="Scroll 75% of the article" time="0.138" />
  <testcase classname="chrome_MAC.artcile -&gt;" name="Scroll 85% of the article" time="0.123" />
  <testcase classname="chrome_MAC.artcile -&gt;" name="Scroll 90% of the article" time="0.643" />
  <testcase classname="chrome_MAC.artcile -&gt;" name="Scroll 100% of the article" time="0.159" />
  <testcase classname="chrome_MAC.artcile -&gt;" name="click on trivago button" time="0.108" />
  <testcase classname="chrome_MAC.artcile -&gt;" name="total number of recommended article shown is 3" time="0.06" />
  <testcase classname="chrome_MAC.artcile -&gt;" name="destination of 1st recommended article" time="0.19" />
  <testcase classname="chrome_MAC.artcile -&gt;" name="title of 1st recommended article" time="0.078" />
  <testcase classname="chrome_MAC.artcile -&gt;" name="destination of 2nd recommended article" time="0.198" />
  <testcase classname="chrome_MAC.artcile -&gt;" name="title of 2nd recommended article" time="0.078" />
  <testcase classname="chrome_MAC.artcile -&gt;" name="destination of 3rd recommended article" time="0.179" />
  <testcase classname="chrome_MAC.artcile -&gt;" name="title of 3rd recommended article" time="0.063" />
  <testcase classname="chrome_MAC.artcile -&gt;" name="click on 1st recommended article" time="0.984" />
  <testcase classname="chrome_MAC.artcile -&gt;" name="click on back button" time="2.14" />
  <testcase classname="chrome_MAC.artcile -&gt;" name="tag text of 1st article" time="0.094" />
  <testcase classname="chrome_MAC.artcile -&gt;" name="click on the 1st tag of 1st article" time="0.835" />
  <testcase classname="chrome_MAC.artcile -&gt;" name="click on back button" time="0.986" />
 </testsuite>
 <testsuite name="chrome_MAC.Navigation menu -&gt;" timestamp="2017-12-20T11:38:16" hostname="localhost" time="25.698" errors="0" tests="13" skipped="0" disabled="0" failures="0">
  <testcase classname="chrome_MAC.Navigation menu -&gt;" name="Click on menu#1" time="2.235" />
  <testcase classname="chrome_MAC.Navigation menu -&gt;" name="Click on menu#2" time="1.527" />
  <testcase classname="chrome_MAC.Navigation menu -&gt;" name="Click on menu#3" time="4.197" />
  <testcase classname="chrome_MAC.Navigation menu -&gt;" name="Click on menu#4" time="2.362" />
  <testcase classname="chrome_MAC.Navigation menu -&gt;" name="Click on menu#5" time="2.553" />
  <testcase classname="chrome_MAC.Navigation menu -&gt;" name="Click on menu#6" time="1.466" />
  <testcase classname="chrome_MAC.Navigation menu -&gt;" name="Click on menu#7" time="1.514" />
  <testcase classname="chrome_MAC.Navigation menu -&gt;" name="Click on menu#8" time="2.253" />
  <testcase classname="chrome_MAC.Navigation menu -&gt;" name="Click on menu#9" time="1.617" />
  <testcase classname="chrome_MAC.Navigation menu -&gt;" name="Click on menu#10" time="1.423" />
  <testcase classname="chrome_MAC.Navigation menu -&gt;" name="Click on menu#11" time="1.473" />
  <testcase classname="chrome_MAC.Navigation menu -&gt;" name="Click on menu#12" time="1.675" />
  <testcase classname="chrome_MAC.Navigation menu -&gt;" name="Click on menu#13" time="1.403" />
 </testsuite>
 <testsuite name="chrome_MAC.parent page -&gt;" timestamp="2017-12-20T11:38:41" hostname="localhost" time="16.868" errors="0" tests="40" skipped="0" disabled="0" failures="0">
  <testcase classname="chrome_MAC.parent page -&gt;" name="load parent page" time="1.146" />
  <testcase classname="chrome_MAC.parent page -&gt;" name="No error" time="0.034" />
  <testcase classname="chrome_MAC.parent page -&gt;" name="page header" time="0.06" />
  <testcase classname="chrome_MAC.parent page -&gt;" name="feature article image" time="0.043" />
  <testcase classname="chrome_MAC.parent page -&gt;" name="feature article title" time="0.049" />
  <testcase classname="chrome_MAC.parent page -&gt;" name="number of article displaying right under feature article" time="0.03" />
  <testcase classname="chrome_MAC.parent page -&gt;" name="location#1 title" time="0.088" />
  <testcase classname="chrome_MAC.parent page -&gt;" name="article under location#1" time="0.033" />
  <testcase classname="chrome_MAC.parent page -&gt;" name="image is displaying for each article under location#1" time="0.168" />
  <testcase classname="chrome_MAC.parent page -&gt;" name="tag is displaying for each article under location#1" time="0.185" />
  <testcase classname="chrome_MAC.parent page -&gt;" name="title is displaying for each article under location#1" time="0.201" />
  <testcase classname="chrome_MAC.parent page -&gt;" name="click on more about location#1 button" time="2.244" />
  <testcase classname="chrome_MAC.parent page -&gt;" name="location#2 title" time="0.082" />
  <testcase classname="chrome_MAC.parent page -&gt;" name="article under location#2" time="0.028" />
  <testcase classname="chrome_MAC.parent page -&gt;" name="image is displaying for each article under location#2" time="0.167" />
  <testcase classname="chrome_MAC.parent page -&gt;" name="tag is displaying for each article under location#2" time="0.218" />
  <testcase classname="chrome_MAC.parent page -&gt;" name="title is displaying for each article under location#2" time="0.266" />
  <testcase classname="chrome_MAC.parent page -&gt;" name="click on more about location#2 button" time="2.414" />
  <testcase classname="chrome_MAC.parent page -&gt;" name="location#3 title" time="0.087" />
  <testcase classname="chrome_MAC.parent page -&gt;" name="article under location#3" time="0.032" />
  <testcase classname="chrome_MAC.parent page -&gt;" name="image is displaying for each article under location#3" time="0.175" />
  <testcase classname="chrome_MAC.parent page -&gt;" name="tag is displaying for each article under location#3" time="0.214" />
  <testcase classname="chrome_MAC.parent page -&gt;" name="title is displaying for each article under location#3" time="0.218" />
  <testcase classname="chrome_MAC.parent page -&gt;" name="click on more about location#3 button" time="2.169" />
  <testcase classname="chrome_MAC.parent page -&gt;" name="location#4 title" time="0.091" />
  <testcase classname="chrome_MAC.parent page -&gt;" name="article under location#4" time="0.033" />
  <testcase classname="chrome_MAC.parent page -&gt;" name="image is displaying for each article under location#4" time="0.121" />
  <testcase classname="chrome_MAC.parent page -&gt;" name="tag is displaying for each article under location#4" time="0.158" />
  <testcase classname="chrome_MAC.parent page -&gt;" name="title is displaying for each article under location#4" time="0.136" />
  <testcase classname="chrome_MAC.parent page -&gt;" name="click on more about location#4 button" time="1.909" />
  <testcase classname="chrome_MAC.parent page -&gt;" name="location#5 title" time="0.086" />
  <testcase classname="chrome_MAC.parent page -&gt;" name="article under location#5" time="0.033" />
  <testcase classname="chrome_MAC.parent page -&gt;" name="image is displaying for each article under location#5" time="0.167" />
  <testcase classname="chrome_MAC.parent page -&gt;" name="tag is displaying for each article under location#5" time="0.193" />
  <testcase classname="chrome_MAC.parent page -&gt;" name="title is displaying for each article under location#5" time="0.202" />
  <testcase classname="chrome_MAC.parent page -&gt;" name="click on more about location#5 button" time="2.452" />
  <testcase classname="chrome_MAC.parent page -&gt;" name="other article title" time="0.054" />
  <testcase classname="chrome_MAC.parent page -&gt;" name="article under other article section at first" time="0.03" />
  <testcase classname="chrome_MAC.parent page -&gt;" name="article after click on load more" time="0.39" />
  <testcase classname="chrome_MAC.parent page -&gt;" name="article after click on load more second time" time="0.459" />
 </testsuite>
 <testsuite name="chrome_MAC.grand child page -&gt;" timestamp="2017-12-20T11:38:58" hostname="localhost" time="2.724" errors="0" tests="11" skipped="0" disabled="0" failures="0">
  <testcase classname="chrome_MAC.grand child page -&gt;" name="load child page" time="1.872" />
  <testcase classname="chrome_MAC.grand child page -&gt;" name="No 404 or other error" time="0.014" />
  <testcase classname="chrome_MAC.grand child page -&gt;" name="page header" time="0.042" />
  <testcase classname="chrome_MAC.grand child page -&gt;" name="feature article image" time="0.046" />
  <testcase classname="chrome_MAC.grand child page -&gt;" name="feature article tag" time="0.05" />
  <testcase classname="chrome_MAC.grand child page -&gt;" name="feature article description" time="0.053" />
  <testcase classname="chrome_MAC.grand child page -&gt;" name="feature article title" time="0.053" />
  <testcase classname="chrome_MAC.grand child page -&gt;" name="number of article displaying right under feature article" time="0.038" />
  <testcase classname="chrome_MAC.grand child page -&gt;" name="other article title" time="0.051" />
  <testcase classname="chrome_MAC.grand child page -&gt;" name="article under other article section at first" time="0.035" />
  <testcase classname="chrome_MAC.grand child page -&gt;" name="article after click on load more" time="0.47" />
 </testsuite>
 <testsuite name="chrome_MAC.author page -&gt;" timestamp="2017-12-20T11:39:01" hostname="localhost" time="2.09" errors="0" tests="11" skipped="0" disabled="0" failures="0">
  <testcase classname="chrome_MAC.author page -&gt;" name="load author page" time="0.911" />
  <testcase classname="chrome_MAC.author page -&gt;" name="No 404 or other error" time="0.012" />
  <testcase classname="chrome_MAC.author page -&gt;" name="check author name" time="0.041" />
  <testcase classname="chrome_MAC.author page -&gt;" name="check author description" time="0.065" />
  <testcase classname="chrome_MAC.author page -&gt;" name="check author facebook link" time="0.045" />
  <testcase classname="chrome_MAC.author page -&gt;" name="check author instagram link" time="0.035" />
  <testcase classname="chrome_MAC.author page -&gt;" name="check author twitter link" time="0.037" />
  <testcase classname="chrome_MAC.author page -&gt;" name="check author pinterest link" time="0.046" />
  <testcase classname="chrome_MAC.author page -&gt;" name="check &quot;All article&quot; title is available" time="0.038" />
  <testcase classname="chrome_MAC.author page -&gt;" name="Initially number of article under all article" time="0.032" />
  <testcase classname="chrome_MAC.author page -&gt;" name="Click on load more button" time="0.828" />
 </testsuite>
 <testsuite name="chrome_MAC.child page -&gt;" timestamp="2017-12-20T11:39:03" hostname="localhost" time="6.447" errors="0" tests="15" skipped="0" disabled="0" failures="5">
  <testcase classname="chrome_MAC.child page -&gt;" name="load child page" time="4.39" />
  <testcase classname="chrome_MAC.child page -&gt;" name="page header" time="0.04" />
  <testcase classname="chrome_MAC.child page -&gt;" name="feature article image" time="0.043" />
  <testcase classname="chrome_MAC.child page -&gt;" name="feature article title" time="0.05" />
  <testcase classname="chrome_MAC.child page -&gt;" name="number of article displaying right under feature article" time="0.029" />
  <testcase classname="chrome_MAC.child page -&gt;" name="Bayern title" time="0.066" />
  <testcase classname="chrome_MAC.child page -&gt;" name="article under Bayern" time="0.047" />
  <testcase classname="chrome_MAC.child page -&gt;" name="image is displaying for each article under Bayern" time="0.217" />
  <testcase classname="chrome_MAC.child page -&gt;" name="tag is displaying for each article under Bayern" time="0.265">
   <failure type="toContain" message="Expected &apos;NEW SOUTH WALES&apos; to contain &apos;DEUTSCHLAND&apos;."><![CDATA[Error: Failed expectation
    at /Users/skabir/Documents/Development/room5_automation/room5_automated_fe_tests/test/childPage.js:92:92
    at ManagedPromise.invokeCallback_ (/usr/local/lib/node_modules/protractor/node_modules/selenium-webdriver/lib/promise.js:1366:14)
    at TaskQueue.execute_ (/usr/local/lib/node_modules/protractor/node_modules/selenium-webdriver/lib/promise.js:2970:14)
    at TaskQueue.executeNext_ (/usr/local/lib/node_modules/protractor/node_modules/selenium-webdriver/lib/promise.js:2953:27)
    at asyncRun (/usr/local/lib/node_modules/protractor/node_modules/selenium-webdriver/lib/promise.js:2813:27)
    at /usr/local/lib/node_modules/protractor/node_modules/selenium-webdriver/lib/promise.js:676:7
    at <anonymous>
    at process._tickCallback (internal/process/next_tick.js:188:7)]]>
   </failure>
   <failure type="toContain" message="Expected &apos;NEW SOUTH WALES&apos; to contain &apos;DEUTSCHLAND&apos;."><![CDATA[Error: Failed expectation
    at /Users/skabir/Documents/Development/room5_automation/room5_automated_fe_tests/test/childPage.js:92:92
    at ManagedPromise.invokeCallback_ (/usr/local/lib/node_modules/protractor/node_modules/selenium-webdriver/lib/promise.js:1366:14)
    at TaskQueue.execute_ (/usr/local/lib/node_modules/protractor/node_modules/selenium-webdriver/lib/promise.js:2970:14)
    at TaskQueue.executeNext_ (/usr/local/lib/node_modules/protractor/node_modules/selenium-webdriver/lib/promise.js:2953:27)
    at asyncRun (/usr/local/lib/node_modules/protractor/node_modules/selenium-webdriver/lib/promise.js:2813:27)
    at /usr/local/lib/node_modules/protractor/node_modules/selenium-webdriver/lib/promise.js:676:7
    at <anonymous>
    at process._tickCallback (internal/process/next_tick.js:188:7)]]>
   </failure>
   <failure type="toContain" message="Expected &apos;NEW SOUTH WALES&apos; to contain &apos;DEUTSCHLAND&apos;."><![CDATA[Error: Failed expectation
    at /Users/skabir/Documents/Development/room5_automation/room5_automated_fe_tests/test/childPage.js:92:92
    at ManagedPromise.invokeCallback_ (/usr/local/lib/node_modules/protractor/node_modules/selenium-webdriver/lib/promise.js:1366:14)
    at TaskQueue.execute_ (/usr/local/lib/node_modules/protractor/node_modules/selenium-webdriver/lib/promise.js:2970:14)
    at TaskQueue.executeNext_ (/usr/local/lib/node_modules/protractor/node_modules/selenium-webdriver/lib/promise.js:2953:27)
    at asyncRun (/usr/local/lib/node_modules/protractor/node_modules/selenium-webdriver/lib/promise.js:2813:27)
    at /usr/local/lib/node_modules/protractor/node_modules/selenium-webdriver/lib/promise.js:676:7
    at <anonymous>
    at process._tickCallback (internal/process/next_tick.js:188:7)]]>
   </failure>
  </testcase>
  <testcase classname="chrome_MAC.child page -&gt;" name="title is displaying for each article under Bayern" time="0.229" />
  <testcase classname="chrome_MAC.child page -&gt;" name="click on more about Bayern button" time="0.017">
   <failure type="exception" message="Failed: No element found using locator: By(css selector, *[id=&quot;country_child_btn_1&quot;])"><![CDATA[NoSuchElementError: No element found using locator: By(css selector, *[id="country_child_btn_1"])
    at elementArrayFinder.getWebElements.then (/usr/local/lib/node_modules/protractor/lib/element.ts:851:17)
    at ManagedPromise.invokeCallback_ (/usr/local/lib/node_modules/protractor/node_modules/selenium-webdriver/lib/promise.js:1366:14)
    at TaskQueue.execute_ (/usr/local/lib/node_modules/protractor/node_modules/selenium-webdriver/lib/promise.js:2970:14)
    at TaskQueue.executeNext_ (/usr/local/lib/node_modules/protractor/node_modules/selenium-webdriver/lib/promise.js:2953:27)
    at asyncRun (/usr/local/lib/node_modules/protractor/node_modules/selenium-webdriver/lib/promise.js:2813:27)
    at /usr/local/lib/node_modules/protractor/node_modules/selenium-webdriver/lib/promise.js:676:7
    at <anonymous>
    at process._tickCallback (internal/process/next_tick.js:188:7)Error
    at ElementArrayFinder.applyAction_ (/usr/local/lib/node_modules/protractor/lib/element.ts:482:23)
    at ElementArrayFinder.(anonymous function).args [as getAttribute] (/usr/local/lib/node_modules/protractor/lib/element.ts:96:21)
    at ElementFinder.(anonymous function).args [as getAttribute] (/usr/local/lib/node_modules/protractor/lib/element.ts:873:14)
    at childPage_obj.link_to_the_button (/Users/skabir/Documents/Development/room5_automation/room5_automated_fe_tests/page/childPage_obj.js:103:54)
    at UserContext.<anonymous> (/Users/skabir/Documents/Development/room5_automation/room5_automated_fe_tests/test/childPage.js:115:23)
    at /usr/local/lib/node_modules/protractor/node_modules/jasminewd2/index.js:112:25
    at new ManagedPromise (/usr/local/lib/node_modules/protractor/node_modules/selenium-webdriver/lib/promise.js:1067:7)
    at ControlFlow.promise (/usr/local/lib/node_modules/protractor/node_modules/selenium-webdriver/lib/promise.js:2396:12)
    at schedulerExecute (/usr/local/lib/node_modules/protractor/node_modules/jasminewd2/index.js:95:18)
    at TaskQueue.execute_ (/usr/local/lib/node_modules/protractor/node_modules/selenium-webdriver/lib/promise.js:2970:14)
From: Task: Run it("click on more about Bayern button") in control flow
    at UserContext.<anonymous> (/usr/local/lib/node_modules/protractor/node_modules/jasminewd2/index.js:94:19)
    at attempt (/usr/local/lib/node_modules/protractor/node_modules/jasmine-core/lib/jasmine-core/jasmine.js:4071:26)
    at QueueRunner.run (/usr/local/lib/node_modules/protractor/node_modules/jasmine-core/lib/jasmine-core/jasmine.js:3991:20)
    at runNext (/usr/local/lib/node_modules/protractor/node_modules/jasmine-core/lib/jasmine-core/jasmine.js:4031:20)
    at /usr/local/lib/node_modules/protractor/node_modules/jasmine-core/lib/jasmine-core/jasmine.js:4038:13
    at /usr/local/lib/node_modules/protractor/node_modules/jasmine-core/lib/jasmine-core/jasmine.js:3946:9
    at /usr/local/lib/node_modules/protractor/node_modules/jasminewd2/index.js:64:48
    at ControlFlow.emit (/usr/local/lib/node_modules/protractor/node_modules/selenium-webdriver/lib/events.js:62:21)
    at ControlFlow.shutdown_ (/usr/local/lib/node_modules/protractor/node_modules/selenium-webdriver/lib/promise.js:2565:10)
    at shutdownTask_.MicroTask (/usr/local/lib/node_modules/protractor/node_modules/selenium-webdriver/lib/promise.js:2490:53)
From asynchronous test: 
Error
    at Suite.<anonymous> (/Users/skabir/Documents/Development/room5_automation/room5_automated_fe_tests/test/childPage.js:114:5)
    at addSpecsToSuite (/usr/local/lib/node_modules/protractor/node_modules/jasmine-core/lib/jasmine-core/jasmine.js:1013:25)
    at Env.describe (/usr/local/lib/node_modules/protractor/node_modules/jasmine-core/lib/jasmine-core/jasmine.js:980:7)
    at describe (/usr/local/lib/node_modules/protractor/node_modules/jasmine-core/lib/jasmine-core/jasmine.js:4163:18)
    at Object.<anonymous> (/Users/skabir/Documents/Development/room5_automation/room5_automated_fe_tests/test/childPage.js:5:1)
    at Module._compile (module.js:635:30)
    at Object.Module._extensions..js (module.js:646:10)
    at Module.load (module.js:554:32)
    at tryModuleLoad (module.js:497:12)]]>
   </failure>
  </testcase>
  <testcase classname="chrome_MAC.child page -&gt;" name="other article title" time="0.053">
   <failure type="toBe" message="Expected &apos;MORE ABOUT AUSTRALIA&apos; to be &apos;WEITERE ARTIKEL ZU DEUTSCHLAND&apos;."><![CDATA[Error: Failed expectation
    at UserContext.<anonymous> (/Users/skabir/Documents/Development/room5_automation/room5_automated_fe_tests/test/childPage.js:567:63)
    at /usr/local/lib/node_modules/protractor/node_modules/jasminewd2/index.js:112:25
    at new ManagedPromise (/usr/local/lib/node_modules/protractor/node_modules/selenium-webdriver/lib/promise.js:1067:7)
    at ControlFlow.promise (/usr/local/lib/node_modules/protractor/node_modules/selenium-webdriver/lib/promise.js:2396:12)
    at schedulerExecute (/usr/local/lib/node_modules/protractor/node_modules/jasminewd2/index.js:95:18)
    at TaskQueue.execute_ (/usr/local/lib/node_modules/protractor/node_modules/selenium-webdriver/lib/promise.js:2970:14)
    at TaskQueue.executeNext_ (/usr/local/lib/node_modules/protractor/node_modules/selenium-webdriver/lib/promise.js:2953:27)
    at asyncRun (/usr/local/lib/node_modules/protractor/node_modules/selenium-webdriver/lib/promise.js:2860:25)
    at /usr/local/lib/node_modules/protractor/node_modules/selenium-webdriver/lib/promise.js:676:7]]>
   </failure>
  </testcase>
  <testcase classname="chrome_MAC.child page -&gt;" name="article under other article section at first" time="0.026" />
  <testcase classname="chrome_MAC.child page -&gt;" name="article after click on load more" time="0.464" />
  <testcase classname="chrome_MAC.child page -&gt;" name="article after click on load more second time" time="0.511" />
 </testsuite>
</testsuites>